Using pre-set license
Built from '2020.3/staging' branch; Version is '2020.3.18f1 (a7d1c678663c) revision 10998214'; Using compiler version '192528614'; Build Type 'Release'
OS: 'Windows 10 Home; OS build 19042.1288; Version 2009; 64bit' Language: 'en' Physical Memory: 8091 MB
BatchMode: 1, IsHumanControllingUs: 0, StartBugReporterOnCrash: 0, Is64bit: 1, IsPro: 0

COMMAND LINE ARGUMENTS:
C:\Program Files\Unity\Hub\Editor\2020.3.18f1\Editor\Unity.exe
-adb2
-batchMode
-noUpm
-name
AssetImportWorker0
-projectPath
C:/Users/ASUS PC/Documents/GitHub/gamesPC/PCunity
-logFile
Logs/AssetImportWorker0.log
-srvPort
60455
Successfully changed project path to: C:/Users/ASUS PC/Documents/GitHub/gamesPC/PCunity
C:/Users/ASUS PC/Documents/GitHub/gamesPC/PCunity
Using Asset Import Pipeline V2.
Refreshing native plugins compatible for Editor in 59.49 ms, found 2 plugins.
Preloading 0 native plugins for Editor in 0.00 ms.
Initialize engine version: 2020.3.18f1 (a7d1c678663c)
[Subsystems] Discovering subsystems at path C:/Program Files/Unity/Hub/Editor/2020.3.18f1/Editor/Data/Resources/UnitySubsystems
[Subsystems] Discovering subsystems at path C:/Users/ASUS PC/Documents/GitHub/gamesPC/PCunity/Assets
GfxDevice: creating device client; threaded=0
Direct3D:
    Version:  Direct3D 11.0 [level 11.1]
    Renderer: Intel(R) HD Graphics 520 (ID=0x1916)
    Vendor:   
    VRAM:     4045 MB
    Driver:   30.0.100.9864
Initialize mono
Mono path[0] = 'C:/Program Files/Unity/Hub/Editor/2020.3.18f1/Editor/Data/Managed'
Mono path[1] = 'C:/Program Files/Unity/Hub/Editor/2020.3.18f1/Editor/Data/MonoBleedingEdge/lib/mono/unityjit'
Mono config path = 'C:/Program Files/Unity/Hub/Editor/2020.3.18f1/Editor/Data/MonoBleedingEdge/etc'
Using monoOptions --debugger-agent=transport=dt_socket,embedding=1,server=y,suspend=n,address=127.0.0.1:56760
Begin MonoManager ReloadAssembly
Registering precompiled unity dll's ...
Register platform support module: C:/Program Files/Unity/Hub/Editor/2020.3.18f1/Editor/Data/PlaybackEngines/WindowsStandaloneSupport/UnityEditor.WindowsStandalone.Extensions.dll
Registered in 0.010617 seconds.
Native extension for WindowsStandalone target not found
Refreshing native plugins compatible for Editor in 51.24 ms, found 2 plugins.
Preloading 0 native plugins for Editor in 0.00 ms.
Mono: successfully reloaded assembly
- Completed reload, in  1.889 seconds
Domain Reload Profiling:
	ReloadAssembly (1889ms)
		BeginReloadAssembly (137ms)
			ExecutionOrderSort (0ms)
			DisableScriptedObjects (0ms)
			BackupInstance (0ms)
			ReleaseScriptingObjects (0ms)
			CreateAndSetChildDomain (1ms)
		EndReloadAssembly (589ms)
			LoadAssemblies (127ms)
			RebuildTransferFunctionScriptingTraits (0ms)
			SetupTypeCache (205ms)
			ReleaseScriptCaches (0ms)
			RebuildScriptCaches (45ms)
			SetupLoadedEditorAssemblies (211ms)
				LogAssemblyErrors (0ms)
				InitializePlatformSupportModulesInManaged (7ms)
				SetLoadedEditorAssemblies (0ms)
				RefreshPlugins (51ms)
				BeforeProcessingInitializeOnLoad (10ms)
				ProcessInitializeOnLoadAttributes (104ms)
				ProcessInitializeOnLoadMethodAttributes (37ms)
				AfterProcessingInitializeOnLoad (0ms)
				EditorAssembliesLoaded (0ms)
			ExecutionOrderSort2 (0ms)
			AwakeInstancesAfterBackupRestoration (0ms)
Platform modules already initialized, skipping
Registering precompiled user dll's ...
Registered in 0.010705 seconds.
Begin MonoManager ReloadAssembly
Native extension for WindowsStandalone target not found
Refreshing native plugins compatible for Editor in 52.03 ms, found 2 plugins.
Preloading 0 native plugins for Editor in 0.00 ms.
Mono: successfully reloaded assembly
- Completed reload, in  1.781 seconds
Domain Reload Profiling:
	ReloadAssembly (1782ms)
		BeginReloadAssembly (285ms)
			ExecutionOrderSort (0ms)
			DisableScriptedObjects (6ms)
			BackupInstance (0ms)
			ReleaseScriptingObjects (0ms)
			CreateAndSetChildDomain (24ms)
		EndReloadAssembly (1365ms)
			LoadAssemblies (184ms)
			RebuildTransferFunctionScriptingTraits (0ms)
			SetupTypeCache (396ms)
			ReleaseScriptCaches (1ms)
			RebuildScriptCaches (63ms)
			SetupLoadedEditorAssemblies (587ms)
				LogAssemblyErrors (0ms)
				InitializePlatformSupportModulesInManaged (6ms)
				SetLoadedEditorAssemblies (0ms)
				RefreshPlugins (52ms)
				BeforeProcessingInitializeOnLoad (129ms)
				ProcessInitializeOnLoadAttributes (351ms)
				ProcessInitializeOnLoadMethodAttributes (10ms)
				AfterProcessingInitializeOnLoad (38ms)
				EditorAssembliesLoaded (0ms)
			ExecutionOrderSort2 (0ms)
			AwakeInstancesAfterBackupRestoration (8ms)
Platform modules already initialized, skipping
========================================================================
Worker process is ready to serve import requests
Launched and connected shader compiler UnityShaderCompiler.exe after 0.41 seconds
Refreshing native plugins compatible for Editor in 0.54 ms, found 2 plugins.
Preloading 0 native plugins for Editor in 0.00 ms.
Unloading 1857 Unused Serialized files (Serialized files now loaded: 0)
System memory in use before: 103.0 MB.
System memory in use after: 103.1 MB.

Unloading 18 unused Assets to reduce memory usage. Loaded Objects now: 2323.
Total: 3.845200 ms (FindLiveObjects: 0.392700 ms CreateObjectMapping: 0.095100 ms MarkObjects: 3.319900 ms  DeleteObjects: 0.034100 ms)

AssetImportParameters requested are different than current active one (requested -> active):
  custom:framework-win-MediaFoundation: 216162199b28c13a410421893ffa2e32 -> 
  custom:video-decoder-ogg-theora: a1e56fd34408186e4bbccfd4996cb3dc -> 
  custom:container-muxer-webm: aa71ff27fc2769a1b78a27578f13a17b -> 
  custom:container-demuxer-webm: 4f35f7cbe854078d1ac9338744f61a02 -> 
  custom:container-demuxer-ogg: 62fdf1f143b41e24485cea50d1cbac27 -> 
  custom:video-encoder-webm-vp8: eb34c28f22e8b96e1ab97ce403110664 -> 
  custom:video-decoder-webm-vp8: 9c59270c3fd7afecdb556c50c9e8de78 -> 
  custom:audio-decoder-ogg-vorbis: bf7c407c2cedff20999df2af8eb42d56 -> 
  custom:audio-encoder-webm-vorbis: bf7c407c2cedff20999df2af8eb42d56 -> 
========================================================================
Received Import Request.
  path: Assets/StarterAssets/Readme.asset
  artifactKey: Guid(4181bfe715a83e843b7538d750dc57cc) Importer(815301076,1909f56bfc062723c751e8b465ee728b)
Start importing Assets/StarterAssets/Readme.asset using Guid(4181bfe715a83e843b7538d750dc57cc) Importer(815301076,1909f56bfc062723c751e8b465ee728b)  -> (artifact id: '13167d1a8141c6a91ea2a8d07c3902f8') in 0.160851 seconds 
  Import took 0.167457 seconds .

========================================================================
Received Import Request.
  Time since last request: 79.015661 seconds.
  path: Assets/StarterAssets/Environment/Art/Models/Structure_Mesh.fbx
  artifactKey: Guid(d0a9bfb4b5f28174884e89dd76563ae8) Importer(815301076,1909f56bfc062723c751e8b465ee728b)
Start importing Assets/StarterAssets/Environment/Art/Models/Structure_Mesh.fbx using Guid(d0a9bfb4b5f28174884e89dd76563ae8) Importer(815301076,1909f56bfc062723c751e8b465ee728b)  -> (artifact id: '65efcda8620906b6bdb17d95956c8d28') in 0.806140 seconds 
  Import took 0.811910 seconds .

========================================================================
Received Import Request.
  Time since last request: 0.000533 seconds.
  path: Assets/StarterAssets/Environment/Art/Models/Wall_Mesh.fbx
  artifactKey: Guid(ff02a0a00ab750f48b09459b1cafd1b8) Importer(815301076,1909f56bfc062723c751e8b465ee728b)
Start importing Assets/StarterAssets/Environment/Art/Models/Wall_Mesh.fbx using Guid(ff02a0a00ab750f48b09459b1cafd1b8) Importer(815301076,1909f56bfc062723c751e8b465ee728b)  -> (artifact id: '4f2d9f45a9b816106ba90a2ef65331d1') in 0.054961 seconds 
  Import took 0.059417 seconds .

========================================================================
Received Import Request.
  Time since last request: 0.611251 seconds.
  path: Assets/StarterAssets/Environment/Art/Models/Stairs_200x100x200_Mesh.fbx
  artifactKey: Guid(fce3bf5a5b603db45ab0048fb6ab44df) Importer(815301076,1909f56bfc062723c751e8b465ee728b)
Start importing Assets/StarterAssets/Environment/Art/Models/Stairs_200x100x200_Mesh.fbx using Guid(fce3bf5a5b603db45ab0048fb6ab44df) Importer(815301076,1909f56bfc062723c751e8b465ee728b)  -> (artifact id: 'e9f726fd46a87a4f4d50a17b0a9138b5') in 0.122287 seconds 
  Import took 0.127837 seconds .

========================================================================
Received Import Request.
  Time since last request: 0.000525 seconds.
  path: Assets/StarterAssets/Environment/Art/Models/Stairs_650_400_300_Mesh.fbx
  artifactKey: Guid(7e0223e1d3e1733499accfa5ebffb67e) Importer(815301076,1909f56bfc062723c751e8b465ee728b)
Start importing Assets/StarterAssets/Environment/Art/Models/Stairs_650_400_300_Mesh.fbx using Guid(7e0223e1d3e1733499accfa5ebffb67e) Importer(815301076,1909f56bfc062723c751e8b465ee728b)  -> (artifact id: 'fb4138ea30ea8b8c97c9652cde3b5e90') in 0.082882 seconds 
  Import took 0.087306 seconds .

========================================================================
Received Import Request.
  Time since last request: 0.000350 seconds.
  path: Assets/StarterAssets/Environment/Art/Models/Ramp_Mesh.fbx
  artifactKey: Guid(426a2785f8a940049aac2c246661cf09) Importer(815301076,1909f56bfc062723c751e8b465ee728b)
Start importing Assets/StarterAssets/Environment/Art/Models/Ramp_Mesh.fbx using Guid(426a2785f8a940049aac2c246661cf09) Importer(815301076,1909f56bfc062723c751e8b465ee728b)  -> (artifact id: '9489825e9c550d2d45b284456244a112') in 0.085267 seconds 
  Import took 0.089024 seconds .

========================================================================
Received Import Request.
  Time since last request: 0.000365 seconds.
  path: Assets/StarterAssets/Environment/Art/Models/Ramp_100x100x200_Mesh.fbx
  artifactKey: Guid(bfff06aaff363a847ad37bf592364e6b) Importer(815301076,1909f56bfc062723c751e8b465ee728b)
Start importing Assets/StarterAssets/Environment/Art/Models/Ramp_100x100x200_Mesh.fbx using Guid(bfff06aaff363a847ad37bf592364e6b) Importer(815301076,1909f56bfc062723c751e8b465ee728b)  -> (artifact id: '1822789d33cedda38554195e6652446c') in 0.067764 seconds 
  Import took 0.071473 seconds .

========================================================================
Received Import Request.
  Time since last request: 0.152535 seconds.
  path: Assets/StarterAssets/Environment/Art/Models/Box_350x250x300_Mesh.fbx
  artifactKey: Guid(d2f0da3998423f44594868ffed55c3e6) Importer(815301076,1909f56bfc062723c751e8b465ee728b)
Start importing Assets/StarterAssets/Environment/Art/Models/Box_350x250x300_Mesh.fbx using Guid(d2f0da3998423f44594868ffed55c3e6) Importer(815301076,1909f56bfc062723c751e8b465ee728b)  -> (artifact id: '93f4ede1f73d28b34a85a8feb20cee0c') in 0.038213 seconds 
  Import took 0.045215 seconds .

========================================================================
Received Import Request.
  Time since last request: 0.000340 seconds.
  path: Assets/StarterAssets/Environment/Art/Models/Ground_Mesh.fbx
  artifactKey: Guid(aa38d7b0e367ecc4aac915dcfe957879) Importer(815301076,1909f56bfc062723c751e8b465ee728b)
Start importing Assets/StarterAssets/Environment/Art/Models/Ground_Mesh.fbx using Guid(aa38d7b0e367ecc4aac915dcfe957879) Importer(815301076,1909f56bfc062723c751e8b465ee728b)  -> (artifact id: 'b72aa02eddcc968092afb47bb977c99f') in 0.054710 seconds 
  Import took 0.058376 seconds .

========================================================================
Received Import Request.
  Time since last request: 0.424701 seconds.
  path: Assets/StarterAssets/Environment/Art/Models/Tunnel_Mesh.fbx
  artifactKey: Guid(f712806514868e54699156ec05dcb749) Importer(815301076,1909f56bfc062723c751e8b465ee728b)
Start importing Assets/StarterAssets/Environment/Art/Models/Tunnel_Mesh.fbx using Guid(f712806514868e54699156ec05dcb749) Importer(815301076,1909f56bfc062723c751e8b465ee728b)  -> (artifact id: '952b8fba77f5216cd8cd6a2ed69dfe76') in 0.037433 seconds 
  Import took 0.042389 seconds .

========================================================================
Received Import Request.
  Time since last request: 0.000449 seconds.
  path: Assets/StarterAssets/Environment/Art/Models/Box_350x250x200_Mesh.fbx
  artifactKey: Guid(c6a55ba99e9e99d41b7eef123e311a43) Importer(815301076,1909f56bfc062723c751e8b465ee728b)
Start importing Assets/StarterAssets/Environment/Art/Models/Box_350x250x200_Mesh.fbx using Guid(c6a55ba99e9e99d41b7eef123e311a43) Importer(815301076,1909f56bfc062723c751e8b465ee728b)  -> (artifact id: '1aa412a7de4b8e2a114f960959817f25') in 0.049903 seconds 
  Import took 0.053802 seconds .

========================================================================
Received Import Request.
  Time since last request: 0.001813 seconds.
  path: Assets/StarterAssets/Environment/Art/Models/Box_350x250x200_Mesh.fbx
  artifactKey: Guid(c6a55ba99e9e99d41b7eef123e311a43) Importer(815301076,1909f56bfc062723c751e8b465ee728b)
Start importing Assets/StarterAssets/Environment/Art/Models/Box_350x250x200_Mesh.fbx using Guid(c6a55ba99e9e99d41b7eef123e311a43) Importer(815301076,1909f56bfc062723c751e8b465ee728b)  -> (artifact id: '1aa412a7de4b8e2a114f960959817f25') in 0.048910 seconds 
  Import took 0.054759 seconds .

========================================================================
Received Import Request.
  Time since last request: 0.041146 seconds.
  path: Assets/StarterAssets/ThirdPersonController/Character/Models/Armature.fbx
  artifactKey: Guid(36078ab0369161e49a29d349ae3e0739) Importer(815301076,1909f56bfc062723c751e8b465ee728b)
Start importing Assets/StarterAssets/ThirdPersonController/Character/Models/Armature.fbx using Guid(36078ab0369161e49a29d349ae3e0739) Importer(815301076,1909f56bfc062723c751e8b465ee728b)  -> (artifact id: '9ff0a96cd0781f0c2eb6a7a3f836e1d0') in 0.352395 seconds 
  Import took 0.368857 seconds .

========================================================================
Received Import Request.
  Time since last request: 38.025162 seconds.
  path: Assets/_TerrainAutoUpgrade/layer_GrassUV01GrassUV01_Nd668f1e20ece139b.terrainlayer
  artifactKey: Guid(ecbbe8a642b437041a07d22ea9a2d53a) Importer(815301076,1909f56bfc062723c751e8b465ee728b)
Start importing Assets/_TerrainAutoUpgrade/layer_GrassUV01GrassUV01_Nd668f1e20ece139b.terrainlayer using Guid(ecbbe8a642b437041a07d22ea9a2d53a) Importer(815301076,1909f56bfc062723c751e8b465ee728b)  -> (artifact id: 'd374c5ca0ea7c431b105937ffd3caccf') in 1.904232 seconds 
  Import took 1.916746 seconds .

========================================================================
Received Import Request.
  Time since last request: 0.000491 seconds.
  path: Assets/_TerrainAutoUpgrade/layer_GrassUV02GrassUV02_N3d1cca0d6d0e9938.terrainlayer
  artifactKey: Guid(c907130ee1e07474eae696949491d93a) Importer(815301076,1909f56bfc062723c751e8b465ee728b)
Start importing Assets/_TerrainAutoUpgrade/layer_GrassUV02GrassUV02_N3d1cca0d6d0e9938.terrainlayer using Guid(c907130ee1e07474eae696949491d93a) Importer(815301076,1909f56bfc062723c751e8b465ee728b)  -> (artifact id: 'd2ab5ec93c126252aa6cb4f1374d2501') in 0.215709 seconds 
  Import took 0.227362 seconds .

========================================================================
Received Import Request.
  Time since last request: 0.000530 seconds.
  path: Assets/_TerrainAutoUpgrade/NewLayer.terrainlayer
  artifactKey: Guid(e57b9191396354c46a60fb4b6440182b) Importer(815301076,1909f56bfc062723c751e8b465ee728b)
Start importing Assets/_TerrainAutoUpgrade/NewLayer.terrainlayer using Guid(e57b9191396354c46a60fb4b6440182b) Importer(815301076,1909f56bfc062723c751e8b465ee728b)  -> (artifact id: 'f7ef40161e28a36296c5cf29333bd7da') in 0.072646 seconds 
  Import took 0.077508 seconds .

========================================================================
Received Import Request.
  Time since last request: 0.000438 seconds.
  path: Assets/_TerrainAutoUpgrade/layer_GroundDryLeaves01GroundDryLeaves01_N793646612c42751.terrainlayer
  artifactKey: Guid(98e05a45444ca074fb1ca91cd99792d5) Importer(815301076,1909f56bfc062723c751e8b465ee728b)
Start importing Assets/_TerrainAutoUpgrade/layer_GroundDryLeaves01GroundDryLeaves01_N793646612c42751.terrainlayer using Guid(98e05a45444ca074fb1ca91cd99792d5) Importer(815301076,1909f56bfc062723c751e8b465ee728b)  -> (artifact id: '156e65f2b28d64f47be0d6ec69a85a9a') in 0.751681 seconds 
  Import took 0.781745 seconds .

========================================================================
Received Import Request.
  Time since last request: 0.000409 seconds.
  path: Assets/_TerrainAutoUpgrade/NewLayer 1.terrainlayer
  artifactKey: Guid(44a7a13aab03984419740f2c80095978) Importer(815301076,1909f56bfc062723c751e8b465ee728b)
Start importing Assets/_TerrainAutoUpgrade/NewLayer 1.terrainlayer using Guid(44a7a13aab03984419740f2c80095978) Importer(815301076,1909f56bfc062723c751e8b465ee728b)  -> (artifact id: 'c0b1f89f6585076a8939c2982ef3cbde') in 0.130790 seconds 
  Import took 0.141399 seconds .

========================================================================
Received Import Request.
  Time since last request: 0.000402 seconds.
  path: Assets/_TerrainAutoUpgrade/layer_GroundStones01GroundStones01_N2023054508611406.terrainlayer
  artifactKey: Guid(27719018e9a83fc419331ff1a8b7a43f) Importer(815301076,1909f56bfc062723c751e8b465ee728b)
Start importing Assets/_TerrainAutoUpgrade/layer_GroundStones01GroundStones01_N2023054508611406.terrainlayer using Guid(27719018e9a83fc419331ff1a8b7a43f) Importer(815301076,1909f56bfc062723c751e8b465ee728b)  -> (artifact id: 'ccb49fd7a4ea61ffdda5e19e3477578f') in 0.795735 seconds 
  Import took 0.804377 seconds .

========================================================================
Received Import Request.
  Time since last request: 0.000454 seconds.
  path: Assets/_TerrainAutoUpgrade/layer_GroundCracked01GroundCracked01_N793646612c42751.terrainlayer
  artifactKey: Guid(b902b68edb53cbc4db7ebf2c39e28348) Importer(815301076,1909f56bfc062723c751e8b465ee728b)
Start importing Assets/_TerrainAutoUpgrade/layer_GroundCracked01GroundCracked01_N793646612c42751.terrainlayer using Guid(b902b68edb53cbc4db7ebf2c39e28348) Importer(815301076,1909f56bfc062723c751e8b465ee728b)  -> (artifact id: 'f60cbeb7643b9a04c8f49e30884d70db') in 0.330310 seconds 
  Import took 0.334141 seconds .

========================================================================
Received Prepare
Registering precompiled user dll's ...
Registered in 0.011328 seconds.
Begin MonoManager ReloadAssembly
Native extension for WindowsStandalone target not found
Refreshing native plugins compatible for Editor in 0.48 ms, found 2 plugins.
Preloading 0 native plugins for Editor in 0.00 ms.
Mono: successfully reloaded assembly
- Completed reload, in  1.776 seconds
Domain Reload Profiling:
	ReloadAssembly (1776ms)
		BeginReloadAssembly (223ms)
			ExecutionOrderSort (0ms)
			DisableScriptedObjects (5ms)
			BackupInstance (0ms)
			ReleaseScriptingObjects (0ms)
			CreateAndSetChildDomain (48ms)
		EndReloadAssembly (1422ms)
			LoadAssemblies (186ms)
			RebuildTransferFunctionScriptingTraits (0ms)
			SetupTypeCache (392ms)
			ReleaseScriptCaches (1ms)
			RebuildScriptCaches (52ms)
			SetupLoadedEditorAssemblies (668ms)
				LogAssemblyErrors (0ms)
				InitializePlatformSupportModulesInManaged (7ms)
				SetLoadedEditorAssemblies (1ms)
				RefreshPlugins (1ms)
				BeforeProcessingInitializeOnLoad (116ms)
				ProcessInitializeOnLoadAttributes (478ms)
				ProcessInitializeOnLoadMethodAttributes (17ms)
				AfterProcessingInitializeOnLoad (49ms)
				EditorAssembliesLoaded (0ms)
			ExecutionOrderSort2 (0ms)
			AwakeInstancesAfterBackupRestoration (9ms)
Platform modules already initialized, skipping
Refreshing native plugins compatible for Editor in 0.46 ms, found 2 plugins.
Preloading 0 native plugins for Editor in 0.00 ms.
Unloading 1847 Unused Serialized files (Serialized files now loaded: 0)
System memory in use before: 119.8 MB.
System memory in use after: 119.9 MB.

Unloading 13 unused Assets to reduce memory usage. Loaded Objects now: 2372.
Total: 3.567000 ms (FindLiveObjects: 0.216500 ms CreateObjectMapping: 0.084400 ms MarkObjects: 3.237300 ms  DeleteObjects: 0.027400 ms)

AssetImportParameters requested are different than current active one (requested -> active):
  custom:framework-win-MediaFoundation: 216162199b28c13a410421893ffa2e32 -> 
  custom:video-decoder-ogg-theora: a1e56fd34408186e4bbccfd4996cb3dc -> 
  custom:container-muxer-webm: aa71ff27fc2769a1b78a27578f13a17b -> 
  custom:container-demuxer-webm: 4f35f7cbe854078d1ac9338744f61a02 -> 
  custom:container-demuxer-ogg: 62fdf1f143b41e24485cea50d1cbac27 -> 
  custom:video-encoder-webm-vp8: eb34c28f22e8b96e1ab97ce403110664 -> 
  custom:video-decoder-webm-vp8: 9c59270c3fd7afecdb556c50c9e8de78 -> 
  custom:audio-decoder-ogg-vorbis: bf7c407c2cedff20999df2af8eb42d56 -> 
  custom:audio-encoder-webm-vorbis: bf7c407c2cedff20999df2af8eb42d56 -> 
========================================================================
Received Import Request.
  Time since last request: 220.339439 seconds.
  path: Assets/StarterAssets/ThirdPersonController
  artifactKey: Guid(54b90d7f60b179e4e9909cd127aa060d) Importer(815301076,1909f56bfc062723c751e8b465ee728b)
Start importing Assets/StarterAssets/ThirdPersonController using Guid(54b90d7f60b179e4e9909cd127aa060d) Importer(815301076,1909f56bfc062723c751e8b465ee728b)  -> (artifact id: 'ccaca2cb3ed41389961dac8a636339e1') in 0.021555 seconds 
  Import took 0.026928 seconds .

========================================================================
Received Import Request.
  Time since last request: 1.162919 seconds.
  path: Assets/StarterAssets/ThirdPersonController/Character
  artifactKey: Guid(135db69c43c47ee4e97c7c6b13621056) Importer(815301076,1909f56bfc062723c751e8b465ee728b)
Start importing Assets/StarterAssets/ThirdPersonController/Character using Guid(135db69c43c47ee4e97c7c6b13621056) Importer(815301076,1909f56bfc062723c751e8b465ee728b)  -> (artifact id: '6ec6064f874bbfc89d8d468e5298ac32') in 0.016962 seconds 
  Import took 0.022373 seconds .

========================================================================
Received Import Request.
  Time since last request: 0.761136 seconds.
  path: Assets/StarterAssets/ThirdPersonController/Character/Animations
  artifactKey: Guid(478ef75e2d9612043ad9e092df040fea) Importer(815301076,1909f56bfc062723c751e8b465ee728b)
Start importing Assets/StarterAssets/ThirdPersonController/Character/Animations using Guid(478ef75e2d9612043ad9e092df040fea) Importer(815301076,1909f56bfc062723c751e8b465ee728b)  -> (artifact id: 'c0da320b70354780b08a97e15f10fa91') in 0.012648 seconds 
  Import took 0.017558 seconds .

========================================================================
Received Import Request.
  Time since last request: 0.002345 seconds.
  path: Assets/StarterAssets/ThirdPersonController/Character/Animations
  artifactKey: Guid(478ef75e2d9612043ad9e092df040fea) Importer(815301076,1909f56bfc062723c751e8b465ee728b)
Start importing Assets/StarterAssets/ThirdPersonController/Character/Animations using Guid(478ef75e2d9612043ad9e092df040fea) Importer(815301076,1909f56bfc062723c751e8b465ee728b)  -> (artifact id: 'c0da320b70354780b08a97e15f10fa91') in 0.011338 seconds 
  Import took 0.016947 seconds .

========================================================================
Received Import Request.
  Time since last request: 0.066143 seconds.
  path: Assets/StarterAssets/ThirdPersonController/Character/Animations/Jump--InAir.anim.fbx
  artifactKey: Guid(063aa479676c4084ebf187660ca0a7b8) Importer(815301076,1909f56bfc062723c751e8b465ee728b)
Start importing Assets/StarterAssets/ThirdPersonController/Character/Animations/Jump--InAir.anim.fbx using Guid(063aa479676c4084ebf187660ca0a7b8) Importer(815301076,1909f56bfc062723c751e8b465ee728b)  -> (artifact id: 'e848fb73d82af424d0951ac8170c190a') in 0.064511 seconds 
  Import took 0.069065 seconds .

========================================================================
Received Import Request.
  Time since last request: 0.000432 seconds.
  path: Assets/StarterAssets/ThirdPersonController/Character/Animations/Stand--Idle.anim.fbx
  artifactKey: Guid(12e52e465ed793a4d801955e9f964a82) Importer(815301076,1909f56bfc062723c751e8b465ee728b)
Start importing Assets/StarterAssets/ThirdPersonController/Character/Animations/Stand--Idle.anim.fbx using Guid(12e52e465ed793a4d801955e9f964a82) Importer(815301076,1909f56bfc062723c751e8b465ee728b)  -> (artifact id: '802c6fcad1e977ffed2081e8571d20fb') in 0.036498 seconds 
  Import took 0.040273 seconds .

========================================================================
Received Import Request.
  Time since last request: 0.000680 seconds.
  path: Assets/StarterAssets/ThirdPersonController/Character/Animations/Locomotion--Run_N_Land.anim.fbx
  artifactKey: Guid(3c033631149b9c541bcf155cd94cccba) Importer(815301076,1909f56bfc062723c751e8b465ee728b)
Start importing Assets/StarterAssets/ThirdPersonController/Character/Animations/Locomotion--Run_N_Land.anim.fbx using Guid(3c033631149b9c541bcf155cd94cccba) Importer(815301076,1909f56bfc062723c751e8b465ee728b)  -> (artifact id: '1bfe8260adb55490a54f5ebeef486dc4') in 0.037526 seconds 
  Import took 0.041640 seconds .

========================================================================
Received Import Request.
  Time since last request: 0.000496 seconds.
  path: Assets/StarterAssets/ThirdPersonController/Character/Animations/Jump--Jump.anim.fbx
  artifactKey: Guid(98f277b0c8055e143b2fcf058d3c27dc) Importer(815301076,1909f56bfc062723c751e8b465ee728b)
Start importing Assets/StarterAssets/ThirdPersonController/Character/Animations/Jump--Jump.anim.fbx using Guid(98f277b0c8055e143b2fcf058d3c27dc) Importer(815301076,1909f56bfc062723c751e8b465ee728b)  -> (artifact id: '03350047de56f9c33873272e0692c226') in 0.040575 seconds 
  Import took 0.046185 seconds .

========================================================================
Received Import Request.
  Time since last request: 0.000539 seconds.
  path: Assets/StarterAssets/ThirdPersonController/Character/Animations/Locomotion--Run_S.anim.fbx
  artifactKey: Guid(a073c604c44135e438eeeaef77058ac5) Importer(815301076,1909f56bfc062723c751e8b465ee728b)
Start importing Assets/StarterAssets/ThirdPersonController/Character/Animations/Locomotion--Run_S.anim.fbx using Guid(a073c604c44135e438eeeaef77058ac5) Importer(815301076,1909f56bfc062723c751e8b465ee728b)  -> (artifact id: '4771519f561cf7cf32d84a929397d025') in 0.045192 seconds 
  Import took 0.049571 seconds .

========================================================================
Received Import Request.
  Time since last request: 0.000455 seconds.
  path: Assets/StarterAssets/ThirdPersonController/Character/Animations/Locomotion--Walk_N.anim.fbx
  artifactKey: Guid(8269a9f8cf495034c817722ac21f309f) Importer(815301076,1909f56bfc062723c751e8b465ee728b)
Start importing Assets/StarterAssets/ThirdPersonController/Character/Animations/Locomotion--Walk_N.anim.fbx using Guid(8269a9f8cf495034c817722ac21f309f) Importer(815301076,1909f56bfc062723c751e8b465ee728b)  -> (artifact id: '5d020d075a7bcbd17424fa9e4777e130') in 0.047350 seconds 
  Import took 0.050935 seconds .

========================================================================
Received Import Request.
  Time since last request: 0.000476 seconds.
  path: Assets/StarterAssets/ThirdPersonController/Character/Animations/Locomotion--Run_N.anim.fbx
  artifactKey: Guid(16114d403eabb53438de032c6f0d1deb) Importer(815301076,1909f56bfc062723c751e8b465ee728b)
Start importing Assets/StarterAssets/ThirdPersonController/Character/Animations/Locomotion--Run_N.anim.fbx using Guid(16114d403eabb53438de032c6f0d1deb) Importer(815301076,1909f56bfc062723c751e8b465ee728b)  -> (artifact id: '338e7814c563b4d73e94f28a46f3d54d') in 0.059311 seconds 
  Import took 0.063482 seconds .

========================================================================
Received Import Request.
  Time since last request: 0.000508 seconds.
  path: Assets/StarterAssets/ThirdPersonController/Character/Animations/Locomotion--Walk_N_Land.anim.fbx
  artifactKey: Guid(325a26d62b61fa94cb3c97c435efebc5) Importer(815301076,1909f56bfc062723c751e8b465ee728b)
Start importing Assets/StarterAssets/ThirdPersonController/Character/Animations/Locomotion--Walk_N_Land.anim.fbx using Guid(325a26d62b61fa94cb3c97c435efebc5) Importer(815301076,1909f56bfc062723c751e8b465ee728b)  -> (artifact id: '7594682a03099e4f53c35fbf30572cb9') in 0.044775 seconds 
  Import took 0.048566 seconds .

========================================================================
Received Import Request.
  Time since last request: 1.673793 seconds.
  path: Assets/StarterAssets/ThirdPersonController/Character/Materials/M_Armature_Arms.mat
  artifactKey: Guid(766fd3ff04aab4745a764d33daac86fa) Importer(815301076,1909f56bfc062723c751e8b465ee728b)
Start importing Assets/StarterAssets/ThirdPersonController/Character/Materials/M_Armature_Arms.mat using Guid(766fd3ff04aab4745a764d33daac86fa) Importer(815301076,1909f56bfc062723c751e8b465ee728b)  -> (artifact id: 'f55ea359bb5b88896eaf9cb5a9864993') in 0.967544 seconds 
  Import took 0.972756 seconds .

========================================================================
Received Import Request.
  Time since last request: 0.000521 seconds.
  path: Assets/StarterAssets/ThirdPersonController/Character/Materials/M_Armature_Body.mat
  artifactKey: Guid(43714b68324cc2c409d534d9874f2a2b) Importer(815301076,1909f56bfc062723c751e8b465ee728b)
Start importing Assets/StarterAssets/ThirdPersonController/Character/Materials/M_Armature_Body.mat using Guid(43714b68324cc2c409d534d9874f2a2b) Importer(815301076,1909f56bfc062723c751e8b465ee728b)  -> (artifact id: 'cad158102e7516dad6b57c045d7fa1f6') in 0.542203 seconds 
  Import took 0.546500 seconds .

========================================================================
Received Import Request.
  Time since last request: 0.000417 seconds.
  path: Assets/StarterAssets/ThirdPersonController/Character/Materials/Built-in_RP/M_ArmatureColor_Body.mat
  artifactKey: Guid(9564d3bbc73fcb64792156cb4e2758a4) Importer(815301076,1909f56bfc062723c751e8b465ee728b)
Start importing Assets/StarterAssets/ThirdPersonController/Character/Materials/Built-in_RP/M_ArmatureColor_Body.mat using Guid(9564d3bbc73fcb64792156cb4e2758a4) Importer(815301076,1909f56bfc062723c751e8b465ee728b)  -> (artifact id: '17eaa753b24942525125e66c576b4062') in 0.527097 seconds 
  Import took 0.531915 seconds .

========================================================================
Received Import Request.
  Time since last request: 0.000451 seconds.
  path: Assets/StarterAssets/ThirdPersonController/Character/Materials/M_Armature_Legs.mat
  artifactKey: Guid(8b25e99361ac31d4e9ae83c46aee69ea) Importer(815301076,1909f56bfc062723c751e8b465ee728b)
Start importing Assets/StarterAssets/ThirdPersonController/Character/Materials/M_Armature_Legs.mat using Guid(8b25e99361ac31d4e9ae83c46aee69ea) Importer(815301076,1909f56bfc062723c751e8b465ee728b)  -> (artifact id: 'd4cfbe49cd2cf712635d082f602f1121') in 0.495666 seconds 
  Import took 0.506216 seconds .

========================================================================
Received Import Request.
  Time since last request: 0.016201 seconds.
  path: Assets/StarterAssets/ThirdPersonController/Character/Materials/Built-in_RP/M_ArmatureColor_Legs.mat
  artifactKey: Guid(3ffbe936d08df274e97d160a90856750) Importer(815301076,1909f56bfc062723c751e8b465ee728b)
Start importing Assets/StarterAssets/ThirdPersonController/Character/Materials/Built-in_RP/M_ArmatureColor_Legs.mat using Guid(3ffbe936d08df274e97d160a90856750) Importer(815301076,1909f56bfc062723c751e8b465ee728b)  -> (artifact id: '5d466eeedada362a52d9946e0ef8cfd3') in 0.201258 seconds 
  Import took 0.206036 seconds .

========================================================================
Received Import Request.
  Time since last request: 0.000585 seconds.
  path: Assets/StarterAssets/ThirdPersonController/Character/Materials/Built-in_RP
  artifactKey: Guid(13fea38d32aef124ea75bb2f43c5d451) Importer(815301076,1909f56bfc062723c751e8b465ee728b)
Start importing Assets/StarterAssets/ThirdPersonController/Character/Materials/Built-in_RP using Guid(13fea38d32aef124ea75bb2f43c5d451) Importer(815301076,1909f56bfc062723c751e8b465ee728b)  -> (artifact id: '9327f18ad1653a2efb6090d62f96a05c') in 0.011294 seconds 
  Import took 0.016082 seconds .

========================================================================
Received Import Request.
  Time since last request: 0.000356 seconds.
  path: Assets/StarterAssets/ThirdPersonController/Character/Materials/Built-in_RP/M_ArmatureColor_Arms.mat
  artifactKey: Guid(dcce18b7a5cdb7d43a2cdeb041f727a3) Importer(815301076,1909f56bfc062723c751e8b465ee728b)
Start importing Assets/StarterAssets/ThirdPersonController/Character/Materials/Built-in_RP/M_ArmatureColor_Arms.mat using Guid(dcce18b7a5cdb7d43a2cdeb041f727a3) Importer(815301076,1909f56bfc062723c751e8b465ee728b)  -> (artifact id: 'd73dd0114eee85cfe004568d6de13730') in 0.250268 seconds 
  Import took 0.256821 seconds .

========================================================================
Received Import Request.
  Time since last request: 1.010422 seconds.
  path: Assets/StarterAssets/ThirdPersonController/Character/Textures/Armature_Arms_AlbedoTransparency.tif
  artifactKey: Guid(c6dc62700fa06274b9608a9fce8ed21b) Importer(815301076,1909f56bfc062723c751e8b465ee728b)
Start importing Assets/StarterAssets/ThirdPersonController/Character/Textures/Armature_Arms_AlbedoTransparency.tif using Guid(c6dc62700fa06274b9608a9fce8ed21b) Importer(815301076,1909f56bfc062723c751e8b465ee728b)  -> (artifact id: '09524cadc981d3e0be4441a4bb79a716') in 0.203527 seconds 
  Import took 0.207123 seconds .

========================================================================
Received Import Request.
  Time since last request: 0.000575 seconds.
  path: Assets/StarterAssets/ThirdPersonController/Character/Textures/Armature_Arms_Normal.tif
  artifactKey: Guid(104a45460231b8d4783e0bb2223be28c) Importer(815301076,1909f56bfc062723c751e8b465ee728b)
Start importing Assets/StarterAssets/ThirdPersonController/Character/Textures/Armature_Arms_Normal.tif using Guid(104a45460231b8d4783e0bb2223be28c) Importer(815301076,1909f56bfc062723c751e8b465ee728b)  -> (artifact id: '24e77bf75b2a852f68a3541bed44ac9c') in 0.035283 seconds 
  Import took 0.042543 seconds .

========================================================================
Received Import Request.
  Time since last request: 0.000465 seconds.
  path: Assets/StarterAssets/ThirdPersonController/Character/Textures/Armature_Arms_MetallicSmoothness.tif
  artifactKey: Guid(b41d630ccc344454bb1f27587f9acd70) Importer(815301076,1909f56bfc062723c751e8b465ee728b)
Start importing Assets/StarterAssets/ThirdPersonController/Character/Textures/Armature_Arms_MetallicSmoothness.tif using Guid(b41d630ccc344454bb1f27587f9acd70) Importer(815301076,1909f56bfc062723c751e8b465ee728b)  -> (artifact id: '7de8a49b9d39d5cc3a92149ba6f29319') in 0.034715 seconds 
  Import took 0.039313 seconds .

========================================================================
Received Import Request.
  Time since last request: 0.000518 seconds.
  path: Assets/StarterAssets/ThirdPersonController/Character/Textures/Armature_Arms_RGB.tif
  artifactKey: Guid(9b46b2c2f21deb843b7ac9242d5f13e6) Importer(815301076,1909f56bfc062723c751e8b465ee728b)
Start importing Assets/StarterAssets/ThirdPersonController/Character/Textures/Armature_Arms_RGB.tif using Guid(9b46b2c2f21deb843b7ac9242d5f13e6) Importer(815301076,1909f56bfc062723c751e8b465ee728b)  -> (artifact id: '9f04b792e648e41c1b266ef4f588557e') in 0.032156 seconds 
  Import took 0.036877 seconds .

========================================================================
Received Import Request.
  Time since last request: 1.721177 seconds.
  path: Assets/StarterAssets/ThirdPersonController/Character/Textures/Armature_Body_AlbedoTransparency.tif
  artifactKey: Guid(28d78c5517421f047b88352f3b18e8e7) Importer(815301076,1909f56bfc062723c751e8b465ee728b)
Start importing Assets/StarterAssets/ThirdPersonController/Character/Textures/Armature_Body_AlbedoTransparency.tif using Guid(28d78c5517421f047b88352f3b18e8e7) Importer(815301076,1909f56bfc062723c751e8b465ee728b)  -> (artifact id: '6e694494e350d288d83cef3c0374d446') in 0.031776 seconds 
  Import took 0.038060 seconds .

========================================================================
Received Import Request.
  Time since last request: 0.000376 seconds.
  path: Assets/StarterAssets/ThirdPersonController/Character/Textures/Armature_Body_RGB.tif
  artifactKey: Guid(a95378e0fd5828442a6ed903fb3b0bf7) Importer(815301076,1909f56bfc062723c751e8b465ee728b)
Start importing Assets/StarterAssets/ThirdPersonController/Character/Textures/Armature_Body_RGB.tif using Guid(a95378e0fd5828442a6ed903fb3b0bf7) Importer(815301076,1909f56bfc062723c751e8b465ee728b)  -> (artifact id: 'bb7f54505b8804a4260a94849c689eab') in 0.036664 seconds 
  Import took 0.041888 seconds .

========================================================================
Received Import Request.
  Time since last request: 0.000494 seconds.
  path: Assets/StarterAssets/ThirdPersonController/Character/Textures/Armature_Body_AlbedoTransparency.tif
  artifactKey: Guid(28d78c5517421f047b88352f3b18e8e7) Importer(815301076,1909f56bfc062723c751e8b465ee728b)
Start importing Assets/StarterAssets/ThirdPersonController/Character/Textures/Armature_Body_AlbedoTransparency.tif using Guid(28d78c5517421f047b88352f3b18e8e7) Importer(815301076,1909f56bfc062723c751e8b465ee728b)  -> (artifact id: '6e694494e350d288d83cef3c0374d446') in 0.026123 seconds 
  Import took 0.032391 seconds .

========================================================================
Received Import Request.
  Time since last request: 0.000511 seconds.
  path: Assets/StarterAssets/ThirdPersonController/Character/Textures/Armature_Body_Normal.tif
  artifactKey: Guid(2a3daea46c599324e873f935ab08000a) Importer(815301076,1909f56bfc062723c751e8b465ee728b)
Start importing Assets/StarterAssets/ThirdPersonController/Character/Textures/Armature_Body_Normal.tif using Guid(2a3daea46c599324e873f935ab08000a) Importer(815301076,1909f56bfc062723c751e8b465ee728b)  -> (artifact id: 'bc1ebfb99d9109327c19f6980d349b26') in 0.032452 seconds 
  Import took 0.038632 seconds .

========================================================================
Received Import Request.
  Time since last request: 0.000367 seconds.
  path: Assets/StarterAssets/ThirdPersonController/Character/Textures/Armature_Body_MetallicSmoothness.tif
  artifactKey: Guid(e73adacd5e8f6fc45a491dbd62e71ead) Importer(815301076,1909f56bfc062723c751e8b465ee728b)
Start importing Assets/StarterAssets/ThirdPersonController/Character/Textures/Armature_Body_MetallicSmoothness.tif using Guid(e73adacd5e8f6fc45a491dbd62e71ead) Importer(815301076,1909f56bfc062723c751e8b465ee728b)  -> (artifact id: '7ffb200c3402fcf208305a8c1f89165e') in 0.031565 seconds 
  Import took 0.037405 seconds .

========================================================================
Received Import Request.
  Time since last request: 0.776698 seconds.
  path: Assets/StarterAssets/ThirdPersonController/Character/Textures/Armature_Legs_AlbedoTransparency.tif
  artifactKey: Guid(c444e3d02d2fcff4d9fe5211d67652a0) Importer(815301076,1909f56bfc062723c751e8b465ee728b)
Start importing Assets/StarterAssets/ThirdPersonController/Character/Textures/Armature_Legs_AlbedoTransparency.tif using Guid(c444e3d02d2fcff4d9fe5211d67652a0) Importer(815301076,1909f56bfc062723c751e8b465ee728b)  -> (artifact id: '693187f9138b385b601995b8228717b8') in 0.028159 seconds 
  Import took 0.035360 seconds .

========================================================================
Received Import Request.
  Time since last request: 0.000433 seconds.
  path: Assets/StarterAssets/ThirdPersonController/Character/Textures/Armature_Legs_MetallicSmoothness.tif
  artifactKey: Guid(1c98c94efa7792645972ecf95e6f86c2) Importer(815301076,1909f56bfc062723c751e8b465ee728b)
Start importing Assets/StarterAssets/ThirdPersonController/Character/Textures/Armature_Legs_MetallicSmoothness.tif using Guid(1c98c94efa7792645972ecf95e6f86c2) Importer(815301076,1909f56bfc062723c751e8b465ee728b)  -> (artifact id: '4a34c270c38b92a1e7b4d82bb538049e') in 0.060047 seconds 
  Import took 0.066339 seconds .

========================================================================
Received Import Request.
  Time since last request: 0.000472 seconds.
  path: Assets/StarterAssets/ThirdPersonController/Character/Textures/Armature_Legs_RGB.tif
  artifactKey: Guid(64d6bedfd9838e14fb51c78c8e947042) Importer(815301076,1909f56bfc062723c751e8b465ee728b)
Start importing Assets/StarterAssets/ThirdPersonController/Character/Textures/Armature_Legs_RGB.tif using Guid(64d6bedfd9838e14fb51c78c8e947042) Importer(815301076,1909f56bfc062723c751e8b465ee728b)  -> (artifact id: '418b69f2faf947de7d384e14ee135dfb') in 0.028414 seconds 
  Import took 0.033643 seconds .

========================================================================
Received Import Request.
  Time since last request: 0.000409 seconds.
  path: Assets/StarterAssets/ThirdPersonController/Character/Textures/Armature_Legs_Normal.tif
  artifactKey: Guid(b2c5d9c39850da946ae135dcb57faaea) Importer(815301076,1909f56bfc062723c751e8b465ee728b)
Start importing Assets/StarterAssets/ThirdPersonController/Character/Textures/Armature_Legs_Normal.tif using Guid(b2c5d9c39850da946ae135dcb57faaea) Importer(815301076,1909f56bfc062723c751e8b465ee728b)  -> (artifact id: '74eaf10cd8a1c7f674becb9167f5dc38') in 0.031891 seconds 
  Import took 0.036497 seconds .

========================================================================
Received Import Request.
  Time since last request: 12.005709 seconds.
  path: Assets/StarterAssets/ThirdPersonController/Prefabs/MainCamera.prefab
  artifactKey: Guid(f6d148d888ffbf54b9afe9936dfaec1f) Importer(815301076,1909f56bfc062723c751e8b465ee728b)
Start importing Assets/StarterAssets/ThirdPersonController/Prefabs/MainCamera.prefab using Guid(f6d148d888ffbf54b9afe9936dfaec1f) Importer(815301076,1909f56bfc062723c751e8b465ee728b)  -> (artifact id: 'aae3e6d4c7cfffc1adcc0982635ca12e') in 0.039012 seconds 
  Import took 0.043722 seconds .

========================================================================
Received Import Request.
  Time since last request: 0.000508 seconds.
  path: Assets/StarterAssets/ThirdPersonController/Prefabs/PlayerArmature.prefab
  artifactKey: Guid(64dce48905ffd9b4293e595fa6941544) Importer(815301076,1909f56bfc062723c751e8b465ee728b)
Start importing Assets/StarterAssets/ThirdPersonController/Prefabs/PlayerArmature.prefab using Guid(64dce48905ffd9b4293e595fa6941544) Importer(815301076,1909f56bfc062723c751e8b465ee728b)  -> (artifact id: 'fb9e7fa56c56e8d867c03a319ebd8311') in 0.526698 seconds 
  Import took 0.538534 seconds .

========================================================================
Received Import Request.
  Time since last request: 0.000441 seconds.
  path: Assets/StarterAssets/ThirdPersonController/Prefabs/NestedParentCapsule_Unpack.prefab
  artifactKey: Guid(212907312655a4443a025a304442c17c) Importer(815301076,1909f56bfc062723c751e8b465ee728b)
Start importing Assets/StarterAssets/ThirdPersonController/Prefabs/NestedParentCapsule_Unpack.prefab using Guid(212907312655a4443a025a304442c17c) Importer(815301076,1909f56bfc062723c751e8b465ee728b)  -> (artifact id: '964d4135ff5729a04ac1fa9120ada827') in 0.575992 seconds 
  Import took 0.616381 seconds .

========================================================================
Received Import Request.
  Time since last request: 0.000532 seconds.
  path: Assets/StarterAssets/ThirdPersonController/Prefabs/NestedParentArmature_Unpack.prefab
  artifactKey: Guid(c708a3b79cd542b42bbfedb17e213bc1) Importer(815301076,1909f56bfc062723c751e8b465ee728b)
Start importing Assets/StarterAssets/ThirdPersonController/Prefabs/NestedParentArmature_Unpack.prefab using Guid(c708a3b79cd542b42bbfedb17e213bc1) Importer(815301076,1909f56bfc062723c751e8b465ee728b)  -> (artifact id: 'dcfedf2f9f0ded313f71a0bdf53336d7') in 0.179578 seconds 
  Import took 0.204301 seconds .

========================================================================
Received Import Request.
  Time since last request: 0.000494 seconds.
  path: Assets/StarterAssets/ThirdPersonController/Prefabs/PlayerFollowCamera.prefab
  artifactKey: Guid(a1a802ecaf6775746bb2a929fb554ad8) Importer(815301076,1909f56bfc062723c751e8b465ee728b)
Start importing Assets/StarterAssets/ThirdPersonController/Prefabs/PlayerFollowCamera.prefab using Guid(a1a802ecaf6775746bb2a929fb554ad8) Importer(815301076,1909f56bfc062723c751e8b465ee728b)  -> (artifact id: 'c8d8b98ac645708ac8fa373447ad0736') in 0.019031 seconds 
  Import took 0.037799 seconds .

========================================================================
Received Import Request.
  Time since last request: 0.000494 seconds.
  path: Assets/StarterAssets/ThirdPersonController/Prefabs/PlayerCapsule.prefab
  artifactKey: Guid(2553cec8fdb3eb643bbe9f2ec880c472) Importer(815301076,1909f56bfc062723c751e8b465ee728b)
Start importing Assets/StarterAssets/ThirdPersonController/Prefabs/PlayerCapsule.prefab using Guid(2553cec8fdb3eb643bbe9f2ec880c472) Importer(815301076,1909f56bfc062723c751e8b465ee728b)  -> (artifact id: 'b1e8493d53ae1e604d38d5535e74516a') in 0.042432 seconds 
  Import took 0.047919 seconds .

========================================================================
Received Import Request.
  Time since last request: 4.703344 seconds.
  path: Assets/StarterAssets/ThirdPersonController/Character/Materials
  artifactKey: Guid(8a0e91532ce93274fb01919ee0dda264) Importer(815301076,1909f56bfc062723c751e8b465ee728b)
Start importing Assets/StarterAssets/ThirdPersonController/Character/Materials using Guid(8a0e91532ce93274fb01919ee0dda264) Importer(815301076,1909f56bfc062723c751e8b465ee728b)  -> (artifact id: 'b70a5bdb23222dffb8fef10539283502') in 0.014128 seconds 
  Import took 0.018196 seconds .

========================================================================
Received Import Request.
  Time since last request: 0.002455 seconds.
  path: Assets/StarterAssets/ThirdPersonController/Character/Materials
  artifactKey: Guid(8a0e91532ce93274fb01919ee0dda264) Importer(815301076,1909f56bfc062723c751e8b465ee728b)
Start importing Assets/StarterAssets/ThirdPersonController/Character/Materials using Guid(8a0e91532ce93274fb01919ee0dda264) Importer(815301076,1909f56bfc062723c751e8b465ee728b)  -> (artifact id: 'b70a5bdb23222dffb8fef10539283502') in 0.017415 seconds 
  Import took 0.022413 seconds .

========================================================================
Received Import Request.
  Time since last request: 31.342012 seconds.
  path: Assets/New Terrain.asset
  artifactKey: Guid(4e3c05f12e248df44b2a390100d0ac04) Importer(815301076,1909f56bfc062723c751e8b465ee728b)
Start importing Assets/New Terrain.asset using Guid(4e3c05f12e248df44b2a390100d0ac04) Importer(815301076,1909f56bfc062723c751e8b465ee728b)  -> (artifact id: '3ea47b70148be473a5016e70b01a7967') in 0.067085 seconds 
  Import took 0.106291 seconds .

========================================================================
Received Import Request.
  Time since last request: 0.004820 seconds.
  path: Assets/New Terrain.asset
  artifactKey: Guid(4e3c05f12e248df44b2a390100d0ac04) Importer(815301076,1909f56bfc062723c751e8b465ee728b)
Start importing Assets/New Terrain.asset using Guid(4e3c05f12e248df44b2a390100d0ac04) Importer(815301076,1909f56bfc062723c751e8b465ee728b)  -> (artifact id: '3ea47b70148be473a5016e70b01a7967') in 0.061370 seconds 
  Import took 0.067301 seconds .

========================================================================
Received Prepare
Registering precompiled user dll's ...
Registered in 0.012825 seconds.
Begin MonoManager ReloadAssembly
Native extension for WindowsStandalone target not found
Refreshing native plugins compatible for Editor in 0.46 ms, found 2 plugins.
Preloading 0 native plugins for Editor in 0.00 ms.
Mono: successfully reloaded assembly
- Completed reload, in  1.899 seconds
Domain Reload Profiling:
	ReloadAssembly (1900ms)
		BeginReloadAssembly (235ms)
			ExecutionOrderSort (0ms)
			DisableScriptedObjects (7ms)
			BackupInstance (0ms)
			ReleaseScriptingObjects (0ms)
			CreateAndSetChildDomain (48ms)
		EndReloadAssembly (1521ms)
			LoadAssemblies (191ms)
			RebuildTransferFunctionScriptingTraits (0ms)
			SetupTypeCache (428ms)
			ReleaseScriptCaches (1ms)
			RebuildScriptCaches (59ms)
			SetupLoadedEditorAssemblies (705ms)
				LogAssemblyErrors (0ms)
				InitializePlatformSupportModulesInManaged (7ms)
				SetLoadedEditorAssemblies (1ms)
				RefreshPlugins (1ms)
				BeforeProcessingInitializeOnLoad (126ms)
				ProcessInitializeOnLoadAttributes (513ms)
				ProcessInitializeOnLoadMethodAttributes (11ms)
				AfterProcessingInitializeOnLoad (46ms)
				EditorAssembliesLoaded (0ms)
			ExecutionOrderSort2 (0ms)
			AwakeInstancesAfterBackupRestoration (8ms)
Platform modules already initialized, skipping
Refreshing native plugins compatible for Editor in 0.45 ms, found 2 plugins.
Preloading 0 native plugins for Editor in 0.00 ms.
Unloading 1847 Unused Serialized files (Serialized files now loaded: 0)
System memory in use before: 120.3 MB.
System memory in use after: 120.4 MB.

Unloading 12 unused Assets to reduce memory usage. Loaded Objects now: 2378.
Total: 5.006100 ms (FindLiveObjects: 0.373000 ms CreateObjectMapping: 0.129800 ms MarkObjects: 4.463400 ms  DeleteObjects: 0.037900 ms)

AssetImportParameters requested are different than current active one (requested -> active):
  custom:framework-win-MediaFoundation: 216162199b28c13a410421893ffa2e32 -> 
  custom:video-decoder-ogg-theora: a1e56fd34408186e4bbccfd4996cb3dc -> 
  custom:container-muxer-webm: aa71ff27fc2769a1b78a27578f13a17b -> 
  custom:container-demuxer-webm: 4f35f7cbe854078d1ac9338744f61a02 -> 
  custom:container-demuxer-ogg: 62fdf1f143b41e24485cea50d1cbac27 -> 
  custom:video-encoder-webm-vp8: eb34c28f22e8b96e1ab97ce403110664 -> 
  custom:video-decoder-webm-vp8: 9c59270c3fd7afecdb556c50c9e8de78 -> 
  custom:audio-decoder-ogg-vorbis: bf7c407c2cedff20999df2af8eb42d56 -> 
  custom:audio-encoder-webm-vorbis: bf7c407c2cedff20999df2af8eb42d56 -> 
========================================================================
Received Prepare
Registering precompiled user dll's ...
Registered in 1.710817 seconds.
Begin MonoManager ReloadAssembly
Native extension for WindowsStandalone target not found
Refreshing native plugins compatible for Editor in 0.46 ms, found 2 plugins.
Preloading 0 native plugins for Editor in 0.00 ms.
Mono: successfully reloaded assembly
- Completed reload, in  3.882 seconds
Domain Reload Profiling:
	ReloadAssembly (3882ms)
		BeginReloadAssembly (238ms)
			ExecutionOrderSort (0ms)
			DisableScriptedObjects (6ms)
			BackupInstance (0ms)
			ReleaseScriptingObjects (0ms)
			CreateAndSetChildDomain (43ms)
		EndReloadAssembly (3513ms)
			LoadAssemblies (1942ms)
			RebuildTransferFunctionScriptingTraits (0ms)
			SetupTypeCache (380ms)
			ReleaseScriptCaches (1ms)
			RebuildScriptCaches (52ms)
			SetupLoadedEditorAssemblies (592ms)
				LogAssemblyErrors (0ms)
				InitializePlatformSupportModulesInManaged (7ms)
				SetLoadedEditorAssemblies (1ms)
				RefreshPlugins (1ms)
				BeforeProcessingInitializeOnLoad (117ms)
				ProcessInitializeOnLoadAttributes (419ms)
				ProcessInitializeOnLoadMethodAttributes (9ms)
				AfterProcessingInitializeOnLoad (39ms)
				EditorAssembliesLoaded (0ms)
			ExecutionOrderSort2 (0ms)
			AwakeInstancesAfterBackupRestoration (9ms)
Platform modules already initialized, skipping
Refreshing native plugins compatible for Editor in 1.05 ms, found 2 plugins.
Preloading 0 native plugins for Editor in 0.00 ms.
Unloading 1849 Unused Serialized files (Serialized files now loaded: 0)
System memory in use before: 120.4 MB.
System memory in use after: 120.5 MB.

Unloading 12 unused Assets to reduce memory usage. Loaded Objects now: 2382.
Total: 4.529300 ms (FindLiveObjects: 0.246800 ms CreateObjectMapping: 0.079800 ms MarkObjects: 4.176600 ms  DeleteObjects: 0.024800 ms)

AssetImportParameters requested are different than current active one (requested -> active):
  custom:framework-win-MediaFoundation: 216162199b28c13a410421893ffa2e32 -> 
  custom:video-decoder-ogg-theora: a1e56fd34408186e4bbccfd4996cb3dc -> 
  custom:container-muxer-webm: aa71ff27fc2769a1b78a27578f13a17b -> 
  custom:container-demuxer-webm: 4f35f7cbe854078d1ac9338744f61a02 -> 
  custom:container-demuxer-ogg: 62fdf1f143b41e24485cea50d1cbac27 -> 
  custom:video-encoder-webm-vp8: eb34c28f22e8b96e1ab97ce403110664 -> 
  custom:video-decoder-webm-vp8: 9c59270c3fd7afecdb556c50c9e8de78 -> 
  custom:audio-decoder-ogg-vorbis: bf7c407c2cedff20999df2af8eb42d56 -> 
  custom:audio-encoder-webm-vorbis: bf7c407c2cedff20999df2af8eb42d56 -> 
========================================================================
Received Import Request.
  Time since last request: 985.954970 seconds.
  path: Assets/StarterAssets/InputSystem/StarterAssets.inputactions
  artifactKey: Guid(4419d82f33d36e848b3ed5af4c8da37e) Importer(815301076,1909f56bfc062723c751e8b465ee728b)
Start importing Assets/StarterAssets/InputSystem/StarterAssets.inputactions using Guid(4419d82f33d36e848b3ed5af4c8da37e) Importer(815301076,1909f56bfc062723c751e8b465ee728b)  -> (artifact id: '9a61ce9462256b9172020038f90c266f') in 0.035768 seconds 
  Import took 0.051591 seconds .

========================================================================
Received Import Request.
  Time since last request: 0.000475 seconds.
  path: Assets/StarterAssets/InputSystem/StarterAssets.inputsettings.asset
  artifactKey: Guid(9e7be553448fa2546aea5752021cbcf7) Importer(815301076,1909f56bfc062723c751e8b465ee728b)
Start importing Assets/StarterAssets/InputSystem/StarterAssets.inputsettings.asset using Guid(9e7be553448fa2546aea5752021cbcf7) Importer(815301076,1909f56bfc062723c751e8b465ee728b)  -> (artifact id: 'ee98e51623f126f68ae26a67e3c6dc41') in 0.013464 seconds 
  Import took 0.027860 seconds .

========================================================================
Received Import Request.
  Time since last request: 6.975943 seconds.
  path: Assets/Stagit/SkyboxEarthPlanets/flares
  artifactKey: Guid(ede98835b73601e4e92f0271770b2d18) Importer(815301076,1909f56bfc062723c751e8b465ee728b)
Start importing Assets/Stagit/SkyboxEarthPlanets/flares using Guid(ede98835b73601e4e92f0271770b2d18) Importer(815301076,1909f56bfc062723c751e8b465ee728b)  -> (artifact id: 'e7497e866d731739d4dc3b78aad26aa1') in 0.010374 seconds 
  Import took 0.014509 seconds .

========================================================================
Received Import Request.
  Time since last request: 0.107040 seconds.
  path: Assets/Stagit/SkyboxEarthPlanets/flares
  artifactKey: Guid(ede98835b73601e4e92f0271770b2d18) Importer(815301076,1909f56bfc062723c751e8b465ee728b)
Start importing Assets/Stagit/SkyboxEarthPlanets/flares using Guid(ede98835b73601e4e92f0271770b2d18) Importer(815301076,1909f56bfc062723c751e8b465ee728b)  -> (artifact id: 'e7497e866d731739d4dc3b78aad26aa1') in 0.013810 seconds 
  Import took 0.019553 seconds .

========================================================================
Received Import Request.
  Time since last request: 0.026817 seconds.
  path: Assets/Stagit/SkyboxEarthPlanets/flares/Sun1.flare
  artifactKey: Guid(d658006f573c00e40a9bc0095afa70fe) Importer(815301076,1909f56bfc062723c751e8b465ee728b)
Start importing Assets/Stagit/SkyboxEarthPlanets/flares/Sun1.flare using Guid(d658006f573c00e40a9bc0095afa70fe) Importer(815301076,1909f56bfc062723c751e8b465ee728b)  -> (artifact id: 'a39fbb2ab1d844d0b74d884aa3bdbcfc') in 0.013214 seconds 
  Import took 0.041070 seconds .

========================================================================
Received Import Request.
  Time since last request: 2.669915 seconds.
  path: Assets/Stagit/SkyboxEarthPlanets/scenes
  artifactKey: Guid(2c18a707d3dcbf04ea65180286862fd7) Importer(815301076,1909f56bfc062723c751e8b465ee728b)
Start importing Assets/Stagit/SkyboxEarthPlanets/scenes using Guid(2c18a707d3dcbf04ea65180286862fd7) Importer(815301076,1909f56bfc062723c751e8b465ee728b)  -> (artifact id: '503e1ccfafe22157fe0aa5e7adf15214') in 0.027476 seconds 
  Import took 0.062893 seconds .

========================================================================
Received Import Request.
  Time since last request: 4.698934 seconds.
  path: Assets/Stagit/SkyboxEarthPlanets
  artifactKey: Guid(d4cd66b3742239f419cc3e1d0c90d941) Importer(815301076,1909f56bfc062723c751e8b465ee728b)
Start importing Assets/Stagit/SkyboxEarthPlanets using Guid(d4cd66b3742239f419cc3e1d0c90d941) Importer(815301076,1909f56bfc062723c751e8b465ee728b)  -> (artifact id: 'f32a5421f948ecef1da00bd5fb612753') in 0.012350 seconds 
  Import took 0.067196 seconds .

========================================================================
Received Import Request.
  Time since last request: 0.983078 seconds.
  path: Assets/Stagit/SkyboxEarthPlanets/script
  artifactKey: Guid(8a2af7b64f34154418284731c7758550) Importer(815301076,1909f56bfc062723c751e8b465ee728b)
Start importing Assets/Stagit/SkyboxEarthPlanets/script using Guid(8a2af7b64f34154418284731c7758550) Importer(815301076,1909f56bfc062723c751e8b465ee728b)  -> (artifact id: 'a10c380348e7394077ac1b22282429f1') in 0.014946 seconds 
  Import took 0.019654 seconds .

========================================================================
Received Import Request.
  Time since last request: 2.780080 seconds.
  path: Assets/Stagit/SkyboxEarthPlanets/skyboxes
  artifactKey: Guid(5639a44d929d2134591923ab3c7b0786) Importer(815301076,1909f56bfc062723c751e8b465ee728b)
Start importing Assets/Stagit/SkyboxEarthPlanets/skyboxes using Guid(5639a44d929d2134591923ab3c7b0786) Importer(815301076,1909f56bfc062723c751e8b465ee728b)  -> (artifact id: 'c6d1dad923b361504b0ff37a27e261bf') in 0.016341 seconds 
  Import took 0.021509 seconds .

========================================================================
Received Import Request.
  Time since last request: 0.040758 seconds.
  path: Assets/Stagit/SkyboxEarthPlanets/skyboxes/skyboxEarthProDemo.mat
  artifactKey: Guid(4b10d730b3896e9458dd8aca903debb8) Importer(815301076,1909f56bfc062723c751e8b465ee728b)
Start importing Assets/Stagit/SkyboxEarthPlanets/skyboxes/skyboxEarthProDemo.mat using Guid(4b10d730b3896e9458dd8aca903debb8) Importer(815301076,1909f56bfc062723c751e8b465ee728b)  -> (artifact id: '90202165feba7c53c0409be82053a1d0') in 1.661559 seconds 
  Import took 1.671441 seconds .

========================================================================
Received Import Request.
  Time since last request: 0.000449 seconds.
  path: Assets/Stagit/SkyboxEarthPlanets/skyboxes/skyboxv1_ocean.mat
  artifactKey: Guid(a5d39648377a737419eaed91af87769f) Importer(815301076,1909f56bfc062723c751e8b465ee728b)
Start importing Assets/Stagit/SkyboxEarthPlanets/skyboxes/skyboxv1_ocean.mat using Guid(a5d39648377a737419eaed91af87769f) Importer(815301076,1909f56bfc062723c751e8b465ee728b)  -> (artifact id: '95c03a252f75775fe3024e5b9e828eb0') in 1.057925 seconds 
  Import took 1.068728 seconds .

========================================================================
Received Import Request.
  Time since last request: 0.000458 seconds.
  path: Assets/Stagit/SkyboxEarthPlanets/skyboxes/skyboxv1_earthfar.mat
  artifactKey: Guid(d6ee7bd7b98e3e541a4f5561d7198072) Importer(815301076,1909f56bfc062723c751e8b465ee728b)
Start importing Assets/Stagit/SkyboxEarthPlanets/skyboxes/skyboxv1_earthfar.mat using Guid(d6ee7bd7b98e3e541a4f5561d7198072) Importer(815301076,1909f56bfc062723c751e8b465ee728b)  -> (artifact id: 'beaaa7c6b37622eefac20e29231eb555') in 1.439924 seconds 
  Import took 1.451259 seconds .

========================================================================
Received Import Request.
  Time since last request: 0.000440 seconds.
  path: Assets/Stagit/SkyboxEarthPlanets/skyboxes/skyboxv1.mat
  artifactKey: Guid(378bd1206205764499a393a2c4eb1205) Importer(815301076,1909f56bfc062723c751e8b465ee728b)
Start importing Assets/Stagit/SkyboxEarthPlanets/skyboxes/skyboxv1.mat using Guid(378bd1206205764499a393a2c4eb1205) Importer(815301076,1909f56bfc062723c751e8b465ee728b)  -> (artifact id: 'a3374fe83d96b5edcf439d258e086081') in 1.151113 seconds 
  Import took 1.161825 seconds .

========================================================================
Received Import Request.
  Time since last request: 0.000403 seconds.
  path: Assets/Stagit/SkyboxEarthPlanets/skyboxes/skyboxv1_europe_night.mat
  artifactKey: Guid(0f4edca89ef8aac4e9ef8231e680124c) Importer(815301076,1909f56bfc062723c751e8b465ee728b)
Start importing Assets/Stagit/SkyboxEarthPlanets/skyboxes/skyboxv1_europe_night.mat using Guid(0f4edca89ef8aac4e9ef8231e680124c) Importer(815301076,1909f56bfc062723c751e8b465ee728b)  -> (artifact id: 'b9b0bcffc5e62d444b8c21820957fb0e') in 0.943808 seconds 
  Import took 0.971625 seconds .

========================================================================
Received Import Request.
  Time since last request: 0.000422 seconds.
  path: Assets/Stagit/SkyboxEarthPlanets/skyboxes/skyboxv1_jupiter.mat
  artifactKey: Guid(360289ae609262c4bb604b3487c6db93) Importer(815301076,1909f56bfc062723c751e8b465ee728b)
Start importing Assets/Stagit/SkyboxEarthPlanets/skyboxes/skyboxv1_jupiter.mat using Guid(360289ae609262c4bb604b3487c6db93) Importer(815301076,1909f56bfc062723c751e8b465ee728b)  -> (artifact id: '691ba68aaa9c29d35ab752ae8d580e71') in 1.247919 seconds 
  Import took 1.258114 seconds .

========================================================================
Received Import Request.
  Time since last request: 0.000436 seconds.
  path: Assets/Stagit/SkyboxEarthPlanets/skyboxes/skyboxv1_europe.mat
  artifactKey: Guid(e8bc3c3fbc7bbe849bdd0a3f5c7165f2) Importer(815301076,1909f56bfc062723c751e8b465ee728b)
Start importing Assets/Stagit/SkyboxEarthPlanets/skyboxes/skyboxv1_europe.mat using Guid(e8bc3c3fbc7bbe849bdd0a3f5c7165f2) Importer(815301076,1909f56bfc062723c751e8b465ee728b)  -> (artifact id: 'f1c4615c2e46cdac1ba0764700b86923') in 1.606085 seconds 
  Import took 1.639071 seconds .

========================================================================
Received Import Request.
  Time since last request: 0.000380 seconds.
  path: Assets/Stagit/SkyboxEarthPlanets/skyboxes/skyboxv1_mars2.mat
  artifactKey: Guid(e4dd61a45527f2b4299e7fa072861256) Importer(815301076,1909f56bfc062723c751e8b465ee728b)
Start importing Assets/Stagit/SkyboxEarthPlanets/skyboxes/skyboxv1_mars2.mat using Guid(e4dd61a45527f2b4299e7fa072861256) Importer(815301076,1909f56bfc062723c751e8b465ee728b)  -> (artifact id: '174302c443bfa03ef4f907cf9667d4cd') in 1.322117 seconds 
  Import took 1.333348 seconds .

========================================================================
Received Import Request.
  Time since last request: 0.000423 seconds.
  path: Assets/Stagit/SkyboxEarthPlanets/skyboxes/skyboxv1_usa.mat
  artifactKey: Guid(7c79b0cb2ecdd104e8afe8869884ef61) Importer(815301076,1909f56bfc062723c751e8b465ee728b)
Start importing Assets/Stagit/SkyboxEarthPlanets/skyboxes/skyboxv1_usa.mat using Guid(7c79b0cb2ecdd104e8afe8869884ef61) Importer(815301076,1909f56bfc062723c751e8b465ee728b)  -> (artifact id: '5729471698eb90215e85904ed3d344ba') in 2.165177 seconds 
  Import took 2.175221 seconds .

========================================================================
Received Import Request.
  Time since last request: 0.000425 seconds.
  path: Assets/Stagit/SkyboxEarthPlanets/skyboxes/skyboxv1_moon_earth.mat
  artifactKey: Guid(39770b3bcab0abd4189eb3ea4b27f726) Importer(815301076,1909f56bfc062723c751e8b465ee728b)
Start importing Assets/Stagit/SkyboxEarthPlanets/skyboxes/skyboxv1_moon_earth.mat using Guid(39770b3bcab0abd4189eb3ea4b27f726) Importer(815301076,1909f56bfc062723c751e8b465ee728b)  -> (artifact id: '6b1d93f6a234d7bab897740f9fee0d0f') in 1.787603 seconds 
  Import took 1.797863 seconds .

========================================================================
Received Import Request.
  Time since last request: 0.000435 seconds.
  path: Assets/Stagit/SkyboxEarthPlanets/skyboxes/skyboxv1_starsonly.mat
  artifactKey: Guid(d8c0d4010f9416945912d97b9e581cf6) Importer(815301076,1909f56bfc062723c751e8b465ee728b)
Start importing Assets/Stagit/SkyboxEarthPlanets/skyboxes/skyboxv1_starsonly.mat using Guid(d8c0d4010f9416945912d97b9e581cf6) Importer(815301076,1909f56bfc062723c751e8b465ee728b)  -> (artifact id: '75dde4bca5b85b0e7b4b7a2146282f69') in 2.002811 seconds 
  Import took 2.039438 seconds .

========================================================================
Received Import Request.
  Time since last request: 0.000426 seconds.
  path: Assets/Stagit/SkyboxEarthPlanets/skyboxes/skyboxv1_asia.mat
  artifactKey: Guid(27c0cce60d93adc4aa3fba77995f9921) Importer(815301076,1909f56bfc062723c751e8b465ee728b)
Start importing Assets/Stagit/SkyboxEarthPlanets/skyboxes/skyboxv1_asia.mat using Guid(27c0cce60d93adc4aa3fba77995f9921) Importer(815301076,1909f56bfc062723c751e8b465ee728b)  -> (artifact id: '2fcb23ef4983cd78f66c1b7a5b2fede2') in 1.800425 seconds 
  Import took 1.815281 seconds .

========================================================================
Received Import Request.
  Time since last request: 0.000411 seconds.
  path: Assets/Stagit/SkyboxEarthPlanets/textures/skybox_EarthProDemo/india005.png
  artifactKey: Guid(defdcbac06f72e242b00dea5930448a3) Importer(815301076,1909f56bfc062723c751e8b465ee728b)
Start importing Assets/Stagit/SkyboxEarthPlanets/textures/skybox_EarthProDemo/india005.png using Guid(defdcbac06f72e242b00dea5930448a3) Importer(815301076,1909f56bfc062723c751e8b465ee728b)  -> (artifact id: '7aaac3ff292edcfa644c3dab9532c6c5') in 0.163769 seconds 
  Import took 0.170292 seconds .

========================================================================
Received Import Request.
  Time since last request: 0.000369 seconds.
  path: Assets/Stagit/SkyboxEarthPlanets/textures/skyboxv1/earth006003.png
  artifactKey: Guid(9b3beaaee903c554da34174e6ec96100) Importer(815301076,1909f56bfc062723c751e8b465ee728b)
Start importing Assets/Stagit/SkyboxEarthPlanets/textures/skyboxv1/earth006003.png using Guid(9b3beaaee903c554da34174e6ec96100) Importer(815301076,1909f56bfc062723c751e8b465ee728b)  -> (artifact id: '2a747b791f3662c06cf0454ae65c4b00') in 0.223501 seconds 
  Import took 0.255938 seconds .

========================================================================
Received Import Request.
  Time since last request: 0.000365 seconds.
  path: Assets/Stagit/SkyboxEarthPlanets/textures/skybox_EarthProDemo/india002.png
  artifactKey: Guid(5738ed9c8cc132f498a932252f0bc519) Importer(815301076,1909f56bfc062723c751e8b465ee728b)
Start importing Assets/Stagit/SkyboxEarthPlanets/textures/skybox_EarthProDemo/india002.png using Guid(5738ed9c8cc132f498a932252f0bc519) Importer(815301076,1909f56bfc062723c751e8b465ee728b)  -> (artifact id: '203a4c1256fa7fd25b8e5fe13b2fde3b') in 0.047934 seconds 
  Import took 0.085396 seconds .

========================================================================
Received Import Request.
  Time since last request: 0.000340 seconds.
  path: Assets/Stagit/SkyboxEarthPlanets/textures/skybox_EarthProDemo/black.png
  artifactKey: Guid(67229ef5567344140af0330ab0428e05) Importer(815301076,1909f56bfc062723c751e8b465ee728b)
Start importing Assets/Stagit/SkyboxEarthPlanets/textures/skybox_EarthProDemo/black.png using Guid(67229ef5567344140af0330ab0428e05) Importer(815301076,1909f56bfc062723c751e8b465ee728b)  -> (artifact id: 'c7ab0b96ac399831f7687fcee1b52547') in 0.028451 seconds 
  Import took 0.038516 seconds .

========================================================================
Received Import Request.
  Time since last request: 0.000349 seconds.
  path: Assets/Stagit/SkyboxEarthPlanets/textures/skyboxv1/earth006002.png
  artifactKey: Guid(a4b04b05c29301b49a48c1e22e7d0f04) Importer(815301076,1909f56bfc062723c751e8b465ee728b)
Start importing Assets/Stagit/SkyboxEarthPlanets/textures/skyboxv1/earth006002.png using Guid(a4b04b05c29301b49a48c1e22e7d0f04) Importer(815301076,1909f56bfc062723c751e8b465ee728b)  -> (artifact id: 'c0079dee354088ef368c3e4fd856917f') in 0.060696 seconds 
  Import took 0.066080 seconds .

========================================================================
Received Import Request.
  Time since last request: 0.000446 seconds.
  path: Assets/Stagit/SkyboxEarthPlanets/textures/skyboxv1/earth006005.png
  artifactKey: Guid(a5af059a39b2360409279c61a96747ab) Importer(815301076,1909f56bfc062723c751e8b465ee728b)
Start importing Assets/Stagit/SkyboxEarthPlanets/textures/skyboxv1/earth006005.png using Guid(a5af059a39b2360409279c61a96747ab) Importer(815301076,1909f56bfc062723c751e8b465ee728b)  -> (artifact id: '66703200bf156181317dfb2e995d9ef2') in 0.062114 seconds 
  Import took 0.086969 seconds .

========================================================================
Received Import Request.
  Time since last request: 0.000574 seconds.
  path: Assets/Stagit/SkyboxEarthPlanets/skyboxes/skyboxv1_usa_night.mat
  artifactKey: Guid(579e145d6a6cd4247985ca7a6f1c9c7f) Importer(815301076,1909f56bfc062723c751e8b465ee728b)
Start importing Assets/Stagit/SkyboxEarthPlanets/skyboxes/skyboxv1_usa_night.mat using Guid(579e145d6a6cd4247985ca7a6f1c9c7f) Importer(815301076,1909f56bfc062723c751e8b465ee728b)  -> (artifact id: 'f67f7791c045e537079c5c9b414cdcb0') in 1.959395 seconds 
  Import took 1.996165 seconds .

========================================================================
Received Import Request.
  Time since last request: 0.000409 seconds.
  path: Assets/Stagit/SkyboxEarthPlanets/skyboxes/skyboxv1_jupiter1.mat
  artifactKey: Guid(9af527704df03ae4794562070544c949) Importer(815301076,1909f56bfc062723c751e8b465ee728b)
Start importing Assets/Stagit/SkyboxEarthPlanets/skyboxes/skyboxv1_jupiter1.mat using Guid(9af527704df03ae4794562070544c949) Importer(815301076,1909f56bfc062723c751e8b465ee728b)  -> (artifact id: '3edf4558db5d29b0d112439fa4468e78') in 2.269697 seconds 
  Import took 2.308904 seconds .

========================================================================
Received Import Request.
  Time since last request: 0.000584 seconds.
  path: Assets/Stagit/SkyboxEarthPlanets/skyboxes/skyboxv1_inbetween_moonearth.mat
  artifactKey: Guid(03a88ece3c8d8dc44a549fd6327b6ad3) Importer(815301076,1909f56bfc062723c751e8b465ee728b)
Start importing Assets/Stagit/SkyboxEarthPlanets/skyboxes/skyboxv1_inbetween_moonearth.mat using Guid(03a88ece3c8d8dc44a549fd6327b6ad3) Importer(815301076,1909f56bfc062723c751e8b465ee728b)  -> (artifact id: 'a5486fa69b715cdde2f291dde1bf21c4') in 2.165394 seconds 
  Import took 2.179336 seconds .

========================================================================
Received Import Request.
  Time since last request: 0.000471 seconds.
  path: Assets/Stagit/SkyboxEarthPlanets/skyboxes/skyboxv1_mars3.mat
  artifactKey: Guid(11775e6bf4b0e9d47b44f3a1e06e2a4d) Importer(815301076,1909f56bfc062723c751e8b465ee728b)
Start importing Assets/Stagit/SkyboxEarthPlanets/skyboxes/skyboxv1_mars3.mat using Guid(11775e6bf4b0e9d47b44f3a1e06e2a4d) Importer(815301076,1909f56bfc062723c751e8b465ee728b)  -> (artifact id: 'ff723f856f07e6cf456a9a5dca54a3b3') in 1.915840 seconds 
  Import took 1.928855 seconds .

========================================================================
Received Import Request.
  Time since last request: 0.000525 seconds.
  path: Assets/Stagit/SkyboxEarthPlanets/textures/skyboxv1/earth006000.png
  artifactKey: Guid(7ef1aae21acea484dae123bff975b58e) Importer(815301076,1909f56bfc062723c751e8b465ee728b)
Start importing Assets/Stagit/SkyboxEarthPlanets/textures/skyboxv1/earth006000.png using Guid(7ef1aae21acea484dae123bff975b58e) Importer(815301076,1909f56bfc062723c751e8b465ee728b)  -> (artifact id: '9419e19eb941fadc34ebccd5f06c08e4') in 0.063080 seconds 
  Import took 0.069551 seconds .

========================================================================
Received Import Request.
  Time since last request: 0.000449 seconds.
  path: Assets/Stagit/SkyboxEarthPlanets/textures/skybox_EarthProDemo/india004.png
  artifactKey: Guid(a5e44093c6205d04fbcebe13260038e1) Importer(815301076,1909f56bfc062723c751e8b465ee728b)
Start importing Assets/Stagit/SkyboxEarthPlanets/textures/skybox_EarthProDemo/india004.png using Guid(a5e44093c6205d04fbcebe13260038e1) Importer(815301076,1909f56bfc062723c751e8b465ee728b)  -> (artifact id: 'a6bceb8df7b9af382ca2ba5ec81dbb89') in 0.306464 seconds 
  Import took 0.331084 seconds .

========================================================================
Received Import Request.
  Time since last request: 0.000360 seconds.
  path: Assets/Stagit/SkyboxEarthPlanets/textures/skyboxv1/earth006004.png
  artifactKey: Guid(a41ff075f9acf684fb771b2b60f007dc) Importer(815301076,1909f56bfc062723c751e8b465ee728b)
Start importing Assets/Stagit/SkyboxEarthPlanets/textures/skyboxv1/earth006004.png using Guid(a41ff075f9acf684fb771b2b60f007dc) Importer(815301076,1909f56bfc062723c751e8b465ee728b)  -> (artifact id: '0e62d26df814ec3360c79a25a166aaa7') in 0.064155 seconds 
  Import took 0.069230 seconds .

========================================================================
Received Import Request.
  Time since last request: 0.000340 seconds.
  path: Assets/Stagit/SkyboxEarthPlanets/skyboxes/skyboxv1_moon_earth2.mat
  artifactKey: Guid(cd0c44682a420a34fb0588e942f201e8) Importer(815301076,1909f56bfc062723c751e8b465ee728b)
Start importing Assets/Stagit/SkyboxEarthPlanets/skyboxes/skyboxv1_moon_earth2.mat using Guid(cd0c44682a420a34fb0588e942f201e8) Importer(815301076,1909f56bfc062723c751e8b465ee728b)  -> (artifact id: '95a446d208b63da59a6bec7ae951228d') in 1.814528 seconds 
  Import took 1.828246 seconds .

========================================================================
Received Import Request.
  Time since last request: 0.000559 seconds.
  path: Assets/Stagit/SkyboxEarthPlanets/skyboxes/skyboxv1_newzealand.mat
  artifactKey: Guid(b4b1d961c66f8e24480f74822a9ae649) Importer(815301076,1909f56bfc062723c751e8b465ee728b)
Start importing Assets/Stagit/SkyboxEarthPlanets/skyboxes/skyboxv1_newzealand.mat using Guid(b4b1d961c66f8e24480f74822a9ae649) Importer(815301076,1909f56bfc062723c751e8b465ee728b)  -> (artifact id: '7f89f3afba19486d9cd754f120de1f0d') in 2.179471 seconds 
  Import took 2.212039 seconds .

========================================================================
Received Import Request.
  Time since last request: 0.000370 seconds.
  path: Assets/Stagit/SkyboxEarthPlanets/skyboxes/skyboxv1_moon1.mat
  artifactKey: Guid(e1af57997be70e34aa1fc533b8ee3c14) Importer(815301076,1909f56bfc062723c751e8b465ee728b)
Start importing Assets/Stagit/SkyboxEarthPlanets/skyboxes/skyboxv1_moon1.mat using Guid(e1af57997be70e34aa1fc533b8ee3c14) Importer(815301076,1909f56bfc062723c751e8b465ee728b)  -> (artifact id: '42ef142f9d44eed9eab27c396604a5e5') in 2.051259 seconds 
  Import took 2.064879 seconds .

========================================================================
Received Import Request.
  Time since last request: 0.000416 seconds.
  path: Assets/Stagit/SkyboxEarthPlanets/skyboxes/skyboxv1_usa_far.mat
  artifactKey: Guid(cd490d4feb37a9f40b6e853477c2c2eb) Importer(815301076,1909f56bfc062723c751e8b465ee728b)
Start importing Assets/Stagit/SkyboxEarthPlanets/skyboxes/skyboxv1_usa_far.mat using Guid(cd490d4feb37a9f40b6e853477c2c2eb) Importer(815301076,1909f56bfc062723c751e8b465ee728b)  -> (artifact id: '422c7c46287821b778f329510c3a7010') in 2.535060 seconds 
  Import took 2.550294 seconds .

========================================================================
Received Import Request.
  Time since last request: 0.000380 seconds.
  path: Assets/Stagit/SkyboxEarthPlanets/skyboxes/skyboxv1_mars1.mat
  artifactKey: Guid(edad4bfe0df85fd4bbf8671798717e2d) Importer(815301076,1909f56bfc062723c751e8b465ee728b)
Start importing Assets/Stagit/SkyboxEarthPlanets/skyboxes/skyboxv1_mars1.mat using Guid(edad4bfe0df85fd4bbf8671798717e2d) Importer(815301076,1909f56bfc062723c751e8b465ee728b)  -> (artifact id: 'ef03768276760c0acb957445ade85328') in 6.307346 seconds 
  Import took 6.353069 seconds .

========================================================================
Received Import Request.
  Time since last request: 0.000494 seconds.
  path: Assets/Stagit/SkyboxEarthPlanets/textures/skybox_EarthProDemo/india000.png
  artifactKey: Guid(a0572e5670c87504d9c1e1d39955cc8d) Importer(815301076,1909f56bfc062723c751e8b465ee728b)
Start importing Assets/Stagit/SkyboxEarthPlanets/textures/skybox_EarthProDemo/india000.png using Guid(a0572e5670c87504d9c1e1d39955cc8d) Importer(815301076,1909f56bfc062723c751e8b465ee728b)  -> (artifact id: '592f6526c0dbe57a406e1f7cbeace6eb') in 1.102528 seconds 
  Import took 1.218848 seconds .

========================================================================
Received Import Request.
  Time since last request: 0.000356 seconds.
  path: Assets/Stagit/SkyboxEarthPlanets/skyboxes/skyboxv1_earth1.mat
  artifactKey: Guid(c4afd13360d274644bb30acba0411488) Importer(815301076,1909f56bfc062723c751e8b465ee728b)
Start importing Assets/Stagit/SkyboxEarthPlanets/skyboxes/skyboxv1_earth1.mat using Guid(c4afd13360d274644bb30acba0411488) Importer(815301076,1909f56bfc062723c751e8b465ee728b)  -> (artifact id: '58aa9be5da03ef72bf47daf521664f09') in 2.119292 seconds 
  Import took 2.136930 seconds .

========================================================================
Received Import Request.
  Time since last request: 0.000465 seconds.
  path: Assets/Stagit/SkyboxEarthPlanets/textures/skybox_EarthProDemo/india003.png
  artifactKey: Guid(c5a7647a009f60d41bbfb731df9d1cbc) Importer(815301076,1909f56bfc062723c751e8b465ee728b)
Start importing Assets/Stagit/SkyboxEarthPlanets/textures/skybox_EarthProDemo/india003.png using Guid(c5a7647a009f60d41bbfb731df9d1cbc) Importer(815301076,1909f56bfc062723c751e8b465ee728b)  -> (artifact id: '3c98679f6e32e075528ce4da2b5babda') in 0.657530 seconds 
  Import took 0.664332 seconds .

========================================================================
Received Import Request.
  Time since last request: 0.000426 seconds.
  path: Assets/Stagit/SkyboxEarthPlanets/textures/skyboxv1/earth006001.png
  artifactKey: Guid(6e0ddd4a632a124468aacf8bd32e0814) Importer(815301076,1909f56bfc062723c751e8b465ee728b)
Start importing Assets/Stagit/SkyboxEarthPlanets/textures/skyboxv1/earth006001.png using Guid(6e0ddd4a632a124468aacf8bd32e0814) Importer(815301076,1909f56bfc062723c751e8b465ee728b)  -> (artifact id: '07a277e71f55939bf483669b43de0d1c') in 0.289053 seconds 
  Import took 0.328767 seconds .

========================================================================
Received Import Request.
  Time since last request: 0.000835 seconds.
  path: Assets/Stagit/SkyboxEarthPlanets/skyboxes/skyboxv1_jupiter2.mat
  artifactKey: Guid(1b9f8c43104e75a46becdc2d42ffbd87) Importer(815301076,1909f56bfc062723c751e8b465ee728b)
Start importing Assets/Stagit/SkyboxEarthPlanets/skyboxes/skyboxv1_jupiter2.mat using Guid(1b9f8c43104e75a46becdc2d42ffbd87) Importer(815301076,1909f56bfc062723c751e8b465ee728b)  -> (artifact id: '949d0efc5d08f200dc39e90b00df5039') in 2.074099 seconds 
  Import took 2.084649 seconds .

========================================================================
Received Import Request.
  Time since last request: 91.258090 seconds.
  path: Assets/Stagit/SkyboxEarthPlanets/textures/skyboxv1_asia/earth000001.png
  artifactKey: Guid(62329232953d4204ba1150dc173206d1) Importer(815301076,1909f56bfc062723c751e8b465ee728b)
Start importing Assets/Stagit/SkyboxEarthPlanets/textures/skyboxv1_asia/earth000001.png using Guid(62329232953d4204ba1150dc173206d1) Importer(815301076,1909f56bfc062723c751e8b465ee728b)  -> (artifact id: '0c56016dc1e60a1f2d3eee5fd78fd1c1') in 0.100406 seconds 
  Import took 0.105884 seconds .

========================================================================
Received Import Request.
  Time since last request: 0.000387 seconds.
  path: Assets/Stagit/SkyboxEarthPlanets/textures/skyboxv1_asia/earth000005.png
  artifactKey: Guid(f10e6a28fe1796244b5873e725d4549f) Importer(815301076,1909f56bfc062723c751e8b465ee728b)
Start importing Assets/Stagit/SkyboxEarthPlanets/textures/skyboxv1_asia/earth000005.png using Guid(f10e6a28fe1796244b5873e725d4549f) Importer(815301076,1909f56bfc062723c751e8b465ee728b)  -> (artifact id: '4ef75a8e4d153bea19418c554fa37daf') in 0.051669 seconds 
  Import took 0.074077 seconds .

========================================================================
Received Import Request.
  Time since last request: 0.000480 seconds.
  path: Assets/Stagit/SkyboxEarthPlanets/textures/skyboxv1_asia/earth000004.png
  artifactKey: Guid(661ab69b35341cd478bd407c74b41083) Importer(815301076,1909f56bfc062723c751e8b465ee728b)
Start importing Assets/Stagit/SkyboxEarthPlanets/textures/skyboxv1_asia/earth000004.png using Guid(661ab69b35341cd478bd407c74b41083) Importer(815301076,1909f56bfc062723c751e8b465ee728b)  -> (artifact id: 'b4ba4c139824e0c8df624f4b9fb7e81f') in 0.044316 seconds 
  Import took 0.073527 seconds .

========================================================================
Received Import Request.
  Time since last request: 0.000470 seconds.
  path: Assets/Stagit/SkyboxEarthPlanets/textures/skyboxv1_asia/earth000003.png
  artifactKey: Guid(a05bee4f5751126469ab04d2f22c5bb9) Importer(815301076,1909f56bfc062723c751e8b465ee728b)
Start importing Assets/Stagit/SkyboxEarthPlanets/textures/skyboxv1_asia/earth000003.png using Guid(a05bee4f5751126469ab04d2f22c5bb9) Importer(815301076,1909f56bfc062723c751e8b465ee728b)  -> (artifact id: 'bf2da2197eea791e5c66982986da62c6') in 0.050445 seconds 
  Import took 0.055263 seconds .

========================================================================
Received Import Request.
  Time since last request: 0.000331 seconds.
  path: Assets/Stagit/SkyboxEarthPlanets/textures/skyboxv1_asia/earth000002.png
  artifactKey: Guid(fcb711c4d1beea147917f9edb5f9b9b5) Importer(815301076,1909f56bfc062723c751e8b465ee728b)
Start importing Assets/Stagit/SkyboxEarthPlanets/textures/skyboxv1_asia/earth000002.png using Guid(fcb711c4d1beea147917f9edb5f9b9b5) Importer(815301076,1909f56bfc062723c751e8b465ee728b)  -> (artifact id: '05181507c2bcbe82430c4e0918821d67') in 0.077184 seconds 
  Import took 0.086574 seconds .

========================================================================
Received Import Request.
  Time since last request: 0.000473 seconds.
  path: Assets/Stagit/SkyboxEarthPlanets/textures/skyboxv1_asia/earth000006.png
  artifactKey: Guid(8e9a8acde6ebe3047b74c85fb2b4af54) Importer(815301076,1909f56bfc062723c751e8b465ee728b)
Start importing Assets/Stagit/SkyboxEarthPlanets/textures/skyboxv1_asia/earth000006.png using Guid(8e9a8acde6ebe3047b74c85fb2b4af54) Importer(815301076,1909f56bfc062723c751e8b465ee728b)  -> (artifact id: '9d9c42c40fb4acc7bfe646dd3ea32d6f') in 0.058065 seconds 
  Import took 0.099930 seconds .

========================================================================
Received Import Request.
  Time since last request: 0.018377 seconds.
  path: Assets/Stagit/SkyboxEarthPlanets/textures/skyboxv1_asia/earth000006.png
  artifactKey: Guid(8e9a8acde6ebe3047b74c85fb2b4af54) Importer(815301076,1909f56bfc062723c751e8b465ee728b)
Start importing Assets/Stagit/SkyboxEarthPlanets/textures/skyboxv1_asia/earth000006.png using Guid(8e9a8acde6ebe3047b74c85fb2b4af54) Importer(815301076,1909f56bfc062723c751e8b465ee728b)  -> (artifact id: '9d9c42c40fb4acc7bfe646dd3ea32d6f') in 0.047577 seconds 
  Import took 0.053877 seconds .

========================================================================
Received Import Request.
  Time since last request: 5.186801 seconds.
  path: Assets/Stagit/SkyboxEarthPlanets/textures/skyboxv1
  artifactKey: Guid(afe7ac01cf4c8ed48bbc21bc7748a9dc) Importer(815301076,1909f56bfc062723c751e8b465ee728b)
Start importing Assets/Stagit/SkyboxEarthPlanets/textures/skyboxv1 using Guid(afe7ac01cf4c8ed48bbc21bc7748a9dc) Importer(815301076,1909f56bfc062723c751e8b465ee728b)  -> (artifact id: '91d913fdc191af592a2e2aeb990d033f') in 0.011057 seconds 
  Import took 0.015595 seconds .

========================================================================
Received Import Request.
  Time since last request: 5.867282 seconds.
  path: Assets/Stagit/SkyboxEarthPlanets/textures/skyboxv1_earth1/earth000001.png
  artifactKey: Guid(329296b36579b0f47a66ae56df1406b8) Importer(815301076,1909f56bfc062723c751e8b465ee728b)
Start importing Assets/Stagit/SkyboxEarthPlanets/textures/skyboxv1_earth1/earth000001.png using Guid(329296b36579b0f47a66ae56df1406b8) Importer(815301076,1909f56bfc062723c751e8b465ee728b)  -> (artifact id: '850831d99b1be30f203c358af25f2655') in 0.082078 seconds 
  Import took 0.089393 seconds .

========================================================================
Received Import Request.
  Time since last request: 0.000351 seconds.
  path: Assets/Stagit/SkyboxEarthPlanets/textures/skyboxv1_earth1/earth000003.png
  artifactKey: Guid(8d6f0cfe38c40b043a48956ff496284c) Importer(815301076,1909f56bfc062723c751e8b465ee728b)
Start importing Assets/Stagit/SkyboxEarthPlanets/textures/skyboxv1_earth1/earth000003.png using Guid(8d6f0cfe38c40b043a48956ff496284c) Importer(815301076,1909f56bfc062723c751e8b465ee728b)  -> (artifact id: '285e21495d9d071845853c16f6ed999d') in 0.058580 seconds 
  Import took 0.066991 seconds .

========================================================================
Received Import Request.
  Time since last request: 0.000416 seconds.
  path: Assets/Stagit/SkyboxEarthPlanets/textures/skyboxv1_earth1/earth000005.png
  artifactKey: Guid(867ca3f49fd9d29409c20fc49d92d8f2) Importer(815301076,1909f56bfc062723c751e8b465ee728b)
Start importing Assets/Stagit/SkyboxEarthPlanets/textures/skyboxv1_earth1/earth000005.png using Guid(867ca3f49fd9d29409c20fc49d92d8f2) Importer(815301076,1909f56bfc062723c751e8b465ee728b)  -> (artifact id: '80bd8af3533673a7e75b29787434948f') in 0.055190 seconds 
  Import took 0.061048 seconds .

========================================================================
Received Import Request.
  Time since last request: 0.000404 seconds.
  path: Assets/Stagit/SkyboxEarthPlanets/textures/skyboxv1_earth1/earth000003.png
  artifactKey: Guid(8d6f0cfe38c40b043a48956ff496284c) Importer(815301076,1909f56bfc062723c751e8b465ee728b)
Start importing Assets/Stagit/SkyboxEarthPlanets/textures/skyboxv1_earth1/earth000003.png using Guid(8d6f0cfe38c40b043a48956ff496284c) Importer(815301076,1909f56bfc062723c751e8b465ee728b)  -> (artifact id: '285e21495d9d071845853c16f6ed999d') in 0.059324 seconds 
  Import took 0.065093 seconds .

========================================================================
Received Import Request.
  Time since last request: 0.000342 seconds.
  path: Assets/Stagit/SkyboxEarthPlanets/textures/skyboxv1_earth1/earth000006.png
  artifactKey: Guid(3b427763ec867bf49ac0d8100787000a) Importer(815301076,1909f56bfc062723c751e8b465ee728b)
Start importing Assets/Stagit/SkyboxEarthPlanets/textures/skyboxv1_earth1/earth000006.png using Guid(3b427763ec867bf49ac0d8100787000a) Importer(815301076,1909f56bfc062723c751e8b465ee728b)  -> (artifact id: '948cca427b0364a19fef426122e20c63') in 0.058166 seconds 
  Import took 0.066472 seconds .

========================================================================
Received Import Request.
  Time since last request: 0.000514 seconds.
  path: Assets/Stagit/SkyboxEarthPlanets/textures/skyboxv1_earth1/earth000002.png
  artifactKey: Guid(4e94ae59aaff062418f8ca31ace16265) Importer(815301076,1909f56bfc062723c751e8b465ee728b)
Start importing Assets/Stagit/SkyboxEarthPlanets/textures/skyboxv1_earth1/earth000002.png using Guid(4e94ae59aaff062418f8ca31ace16265) Importer(815301076,1909f56bfc062723c751e8b465ee728b)  -> (artifact id: '93d0d8b79d29d902373f303fbefc414f') in 0.066211 seconds 
  Import took 0.072239 seconds .

========================================================================
Received Import Request.
  Time since last request: 0.000424 seconds.
  path: Assets/Stagit/SkyboxEarthPlanets/textures/skyboxv1_earth1/earth000004.png
  artifactKey: Guid(1c53338f94f0c744f99016b9acf63334) Importer(815301076,1909f56bfc062723c751e8b465ee728b)
Start importing Assets/Stagit/SkyboxEarthPlanets/textures/skyboxv1_earth1/earth000004.png using Guid(1c53338f94f0c744f99016b9acf63334) Importer(815301076,1909f56bfc062723c751e8b465ee728b)  -> (artifact id: '28882a8fd068beb6dc6fe31361e512f2') in 0.060883 seconds 
  Import took 0.067322 seconds .

========================================================================
Received Import Request.
  Time since last request: 0.005524 seconds.
  path: Assets/Stagit/SkyboxEarthPlanets/textures/skyboxv1_earth1/earth000004.png
  artifactKey: Guid(1c53338f94f0c744f99016b9acf63334) Importer(815301076,1909f56bfc062723c751e8b465ee728b)
Start importing Assets/Stagit/SkyboxEarthPlanets/textures/skyboxv1_earth1/earth000004.png using Guid(1c53338f94f0c744f99016b9acf63334) Importer(815301076,1909f56bfc062723c751e8b465ee728b)  -> (artifact id: '28882a8fd068beb6dc6fe31361e512f2') in 0.053042 seconds 
  Import took 0.059833 seconds .

========================================================================
Received Import Request.
  Time since last request: 1.785660 seconds.
  path: Assets/Stagit/SkyboxEarthPlanets/textures/skyboxv1_earthfar/earth300001.png
  artifactKey: Guid(ab5c0a79d6303cb4cb80c677b697bfd8) Importer(815301076,1909f56bfc062723c751e8b465ee728b)
Start importing Assets/Stagit/SkyboxEarthPlanets/textures/skyboxv1_earthfar/earth300001.png using Guid(ab5c0a79d6303cb4cb80c677b697bfd8) Importer(815301076,1909f56bfc062723c751e8b465ee728b)  -> (artifact id: 'db7712b4b37df619a68b7e9b5d1c36a8') in 0.056417 seconds 
  Import took 0.063114 seconds .

========================================================================
Received Import Request.
  Time since last request: 0.000440 seconds.
  path: Assets/Stagit/SkyboxEarthPlanets/textures/skyboxv1_earthfar/earth300002.png
  artifactKey: Guid(b46a9c632aba33a4391fc8a32b44e480) Importer(815301076,1909f56bfc062723c751e8b465ee728b)
Start importing Assets/Stagit/SkyboxEarthPlanets/textures/skyboxv1_earthfar/earth300002.png using Guid(b46a9c632aba33a4391fc8a32b44e480) Importer(815301076,1909f56bfc062723c751e8b465ee728b)  -> (artifact id: '77aca0ee37aedbb4027090a8c4e13793') in 0.235706 seconds 
  Import took 0.260137 seconds .

========================================================================
Received Import Request.
  Time since last request: 0.000579 seconds.
  path: Assets/Stagit/SkyboxEarthPlanets/textures/skyboxv1_earthfar/earth300005.png
  artifactKey: Guid(2847daf794764c94faf763ec817b03a7) Importer(815301076,1909f56bfc062723c751e8b465ee728b)
Start importing Assets/Stagit/SkyboxEarthPlanets/textures/skyboxv1_earthfar/earth300005.png using Guid(2847daf794764c94faf763ec817b03a7) Importer(815301076,1909f56bfc062723c751e8b465ee728b)  -> (artifact id: 'c6d5f29ef888c3be02d765f3b7819e33') in 0.052186 seconds 
  Import took 0.057957 seconds .

========================================================================
Received Import Request.
  Time since last request: 0.000579 seconds.
  path: Assets/Stagit/SkyboxEarthPlanets/textures/skyboxv1_earthfar/earth300006.png
  artifactKey: Guid(1e2ba78e235c8c84fb1b3612d93ba9aa) Importer(815301076,1909f56bfc062723c751e8b465ee728b)
Start importing Assets/Stagit/SkyboxEarthPlanets/textures/skyboxv1_earthfar/earth300006.png using Guid(1e2ba78e235c8c84fb1b3612d93ba9aa) Importer(815301076,1909f56bfc062723c751e8b465ee728b)  -> (artifact id: 'acd61d6a52b43980e77367433b8dd270') in 0.040993 seconds 
  Import took 0.045969 seconds .

========================================================================
Received Import Request.
  Time since last request: 0.000445 seconds.
  path: Assets/Stagit/SkyboxEarthPlanets/textures/skyboxv1_earthfar/earth300004.png
  artifactKey: Guid(47b725d4fa9219b46b2e9c24bab0f183) Importer(815301076,1909f56bfc062723c751e8b465ee728b)
Start importing Assets/Stagit/SkyboxEarthPlanets/textures/skyboxv1_earthfar/earth300004.png using Guid(47b725d4fa9219b46b2e9c24bab0f183) Importer(815301076,1909f56bfc062723c751e8b465ee728b)  -> (artifact id: '8b20de42af380957f5e689f39e61ce04') in 0.110182 seconds 
  Import took 0.115816 seconds .

========================================================================
Received Import Request.
  Time since last request: 0.000524 seconds.
  path: Assets/Stagit/SkyboxEarthPlanets/textures/skyboxv1_earthfar/earth300003.png
  artifactKey: Guid(136fb35e1f6aa884e9a61f66cd3bc911) Importer(815301076,1909f56bfc062723c751e8b465ee728b)
Start importing Assets/Stagit/SkyboxEarthPlanets/textures/skyboxv1_earthfar/earth300003.png using Guid(136fb35e1f6aa884e9a61f66cd3bc911) Importer(815301076,1909f56bfc062723c751e8b465ee728b)  -> (artifact id: 'fb213df6d8f7756daf39b0414fddc684') in 0.055220 seconds 
  Import took 0.061170 seconds .

========================================================================
Received Import Request.
  Time since last request: 1.755193 seconds.
  path: Assets/Stagit/SkyboxEarthPlanets/textures/skyboxv1_europe/earth0000.png
  artifactKey: Guid(32ad5af0e491ded429a8242f894c0255) Importer(815301076,1909f56bfc062723c751e8b465ee728b)
Start importing Assets/Stagit/SkyboxEarthPlanets/textures/skyboxv1_europe/earth0000.png using Guid(32ad5af0e491ded429a8242f894c0255) Importer(815301076,1909f56bfc062723c751e8b465ee728b)  -> (artifact id: '6a7436ded717f19c91a0a4f5c9891078') in 0.055868 seconds 
  Import took 0.061631 seconds .

========================================================================
Received Import Request.
  Time since last request: 0.000369 seconds.
  path: Assets/Stagit/SkyboxEarthPlanets/textures/skyboxv1_europe/earth0005.png
  artifactKey: Guid(3aa09844bc7dc34408d16d3f63bdb18c) Importer(815301076,1909f56bfc062723c751e8b465ee728b)
Start importing Assets/Stagit/SkyboxEarthPlanets/textures/skyboxv1_europe/earth0005.png using Guid(3aa09844bc7dc34408d16d3f63bdb18c) Importer(815301076,1909f56bfc062723c751e8b465ee728b)  -> (artifact id: '568c83477582830236b1e119a85cf69a') in 0.047397 seconds 
  Import took 0.053078 seconds .

========================================================================
Received Import Request.
  Time since last request: 0.000340 seconds.
  path: Assets/Stagit/SkyboxEarthPlanets/textures/skyboxv1_europe/earth0004.png
  artifactKey: Guid(7d43db4c841b20341b310dce47e0920c) Importer(815301076,1909f56bfc062723c751e8b465ee728b)
Start importing Assets/Stagit/SkyboxEarthPlanets/textures/skyboxv1_europe/earth0004.png using Guid(7d43db4c841b20341b310dce47e0920c) Importer(815301076,1909f56bfc062723c751e8b465ee728b)  -> (artifact id: '640242af6522210e759750acb60460ff') in 0.051118 seconds 
  Import took 0.056538 seconds .

========================================================================
Received Import Request.
  Time since last request: 0.000343 seconds.
  path: Assets/Stagit/SkyboxEarthPlanets/textures/skyboxv1_europe/earth0001.png
  artifactKey: Guid(8a1d58568af5b8848a8a8c9f922eae74) Importer(815301076,1909f56bfc062723c751e8b465ee728b)
Start importing Assets/Stagit/SkyboxEarthPlanets/textures/skyboxv1_europe/earth0001.png using Guid(8a1d58568af5b8848a8a8c9f922eae74) Importer(815301076,1909f56bfc062723c751e8b465ee728b)  -> (artifact id: '66d24edf9e176957ab9a7032ea51591d') in 0.053243 seconds 
  Import took 0.060757 seconds .

========================================================================
Received Import Request.
  Time since last request: 0.000346 seconds.
  path: Assets/Stagit/SkyboxEarthPlanets/textures/skyboxv1_europe/earth0002.png
  artifactKey: Guid(a1a37eb6d1bfaba4fa949c57139f3086) Importer(815301076,1909f56bfc062723c751e8b465ee728b)
Start importing Assets/Stagit/SkyboxEarthPlanets/textures/skyboxv1_europe/earth0002.png using Guid(a1a37eb6d1bfaba4fa949c57139f3086) Importer(815301076,1909f56bfc062723c751e8b465ee728b)  -> (artifact id: '851e3313cb005550f7f702295a16a45b') in 0.063705 seconds 
  Import took 0.070405 seconds .

========================================================================
Received Import Request.
  Time since last request: 0.000350 seconds.
  path: Assets/Stagit/SkyboxEarthPlanets/textures/skyboxv1_europe/earth0003.png
  artifactKey: Guid(dcc2a8d7aa4c4474c968566b167e7e4a) Importer(815301076,1909f56bfc062723c751e8b465ee728b)
Start importing Assets/Stagit/SkyboxEarthPlanets/textures/skyboxv1_europe/earth0003.png using Guid(dcc2a8d7aa4c4474c968566b167e7e4a) Importer(815301076,1909f56bfc062723c751e8b465ee728b)  -> (artifact id: '9ce14949e6bc9cf753cf7f4e042a622c') in 0.071997 seconds 
  Import took 0.078949 seconds .

========================================================================
Received Import Request.
  Time since last request: 0.000400 seconds.
  path: Assets/Stagit/SkyboxEarthPlanets/textures/skyboxv1_europe/earth0002.png
  artifactKey: Guid(a1a37eb6d1bfaba4fa949c57139f3086) Importer(815301076,1909f56bfc062723c751e8b465ee728b)
Start importing Assets/Stagit/SkyboxEarthPlanets/textures/skyboxv1_europe/earth0002.png using Guid(a1a37eb6d1bfaba4fa949c57139f3086) Importer(815301076,1909f56bfc062723c751e8b465ee728b)  -> (artifact id: '851e3313cb005550f7f702295a16a45b') in 0.060289 seconds 
  Import took 0.065134 seconds .

========================================================================
Received Import Request.
  Time since last request: 1.897801 seconds.
  path: Assets/Stagit/SkyboxEarthPlanets/scenes/skyboxEarthProDemo.unity
  artifactKey: Guid(a2dc8f4ed1902e14b8efcc6fb7982ed0) Importer(815301076,1909f56bfc062723c751e8b465ee728b)
Start importing Assets/Stagit/SkyboxEarthPlanets/scenes/skyboxEarthProDemo.unity using Guid(a2dc8f4ed1902e14b8efcc6fb7982ed0) Importer(815301076,1909f56bfc062723c751e8b465ee728b)  -> (artifact id: '7b6d1b6c03f96e4eed181a9c5fc1dd48') in 0.014903 seconds 
  Import took 0.019624 seconds .

========================================================================
Received Import Request.
  Time since last request: 1.903633 seconds.
  path: Assets/Stagit/SkyboxEarthPlanets/scenes/skyboxspaceFreeexample.unity
  artifactKey: Guid(0c6561a5456c3db4abdc556f5241465c) Importer(815301076,1909f56bfc062723c751e8b465ee728b)
Start importing Assets/Stagit/SkyboxEarthPlanets/scenes/skyboxspaceFreeexample.unity using Guid(0c6561a5456c3db4abdc556f5241465c) Importer(815301076,1909f56bfc062723c751e8b465ee728b)  -> (artifact id: 'a379bedf3d2726ec238bec8f6f09f588') in 0.015535 seconds 
  Import took 0.021339 seconds .

AssetImportWorkerClient::OnTransportError - code=2 error=End of file
